CRITICAL - 2023-09-28 07:11:17 --> Undefined variable $item
in APPPATH\Views\views\playlist.php on line 18.
 1 APPPATH\Views\views\playlist.php(18): CodeIgniter\Debug\Exceptions->errorHandler(2, 'Undefined variable $item', 'C:\\laragon\\www\\Chequito_AppD\\Chequito_AppD_Lab2\\app\\Views\\views\\playlist.php', 18)
 2 SYSTEMPATH\View\View.php(226): include('C:\\laragon\\www\\Chequito_AppD\\Chequito_AppD_Lab2\\app\\Views\\views\\playlist.php')
 3 SYSTEMPATH\View\View.php(229): CodeIgniter\View\View->CodeIgniter\View\{closure}()
 4 SYSTEMPATH\View\View.php(467): CodeIgniter\View\View->render('views/playlist.php', null, true)
 5 APPPATH\Views\view.php(25): CodeIgniter\View\View->include('views/playlist.php')
 6 SYSTEMPATH\View\View.php(226): include('C:\\laragon\\www\\Chequito_AppD\\Chequito_AppD_Lab2\\app\\Views\\view.php')
 7 SYSTEMPATH\View\View.php(229): CodeIgniter\View\View->CodeIgniter\View\{closure}()
 8 SYSTEMPATH\Common.php(1188): CodeIgniter\View\View->render('view', [], true)
 9 APPPATH\Controllers\MainController.php(103): view('view', [...])
10 SYSTEMPATH\CodeIgniter.php(919): App\Controllers\MainController->view()
11 SYSTEMPATH\CodeIgniter.php(494): CodeIgniter\CodeIgniter->runController(Object(App\Controllers\MainController))
12 SYSTEMPATH\CodeIgniter.php(353): CodeIgniter\CodeIgniter->handleRequest(null, Object(Config\Cache), false)
13 FCPATH\index.php(79): CodeIgniter\CodeIgniter->run()
14 SYSTEMPATH\Commands\Server\rewrite.php(47): require_once('C:\\laragon\\www\\Chequito_AppD\\Chequito_AppD_Lab2\\public\\index.php')
CRITICAL - 2023-09-28 07:13:13 --> Undefined variable $item
in APPPATH\Views\views\playlist.php on line 18.
 1 APPPATH\Views\views\playlist.php(18): CodeIgniter\Debug\Exceptions->errorHandler(2, 'Undefined variable $item', 'C:\\laragon\\www\\Chequito_AppD\\Chequito_AppD_Lab2\\app\\Views\\views\\playlist.php', 18)
 2 SYSTEMPATH\View\View.php(226): include('C:\\laragon\\www\\Chequito_AppD\\Chequito_AppD_Lab2\\app\\Views\\views\\playlist.php')
 3 SYSTEMPATH\View\View.php(229): CodeIgniter\View\View->CodeIgniter\View\{closure}()
 4 SYSTEMPATH\View\View.php(467): CodeIgniter\View\View->render('views/playlist.php', null, true)
 5 APPPATH\Views\view.php(25): CodeIgniter\View\View->include('views/playlist.php')
 6 SYSTEMPATH\View\View.php(226): include('C:\\laragon\\www\\Chequito_AppD\\Chequito_AppD_Lab2\\app\\Views\\view.php')
 7 SYSTEMPATH\View\View.php(229): CodeIgniter\View\View->CodeIgniter\View\{closure}()
 8 SYSTEMPATH\Common.php(1188): CodeIgniter\View\View->render('view', [], true)
 9 APPPATH\Controllers\MainController.php(103): view('view', [...])
10 SYSTEMPATH\CodeIgniter.php(919): App\Controllers\MainController->view()
11 SYSTEMPATH\CodeIgniter.php(494): CodeIgniter\CodeIgniter->runController(Object(App\Controllers\MainController))
12 SYSTEMPATH\CodeIgniter.php(353): CodeIgniter\CodeIgniter->handleRequest(null, Object(Config\Cache), false)
13 FCPATH\index.php(79): CodeIgniter\CodeIgniter->run()
14 SYSTEMPATH\Commands\Server\rewrite.php(47): require_once('C:\\laragon\\www\\Chequito_AppD\\Chequito_AppD_Lab2\\public\\index.php')
CRITICAL - 2023-09-28 07:14:56 --> Undefined variable $file
in APPPATH\Views\views\playlist.php on line 18.
 1 APPPATH\Views\views\playlist.php(18): CodeIgniter\Debug\Exceptions->errorHandler(2, 'Undefined variable $file', 'C:\\laragon\\www\\Chequito_AppD\\Chequito_AppD_Lab2\\app\\Views\\views\\playlist.php', 18)
 2 SYSTEMPATH\View\View.php(226): include('C:\\laragon\\www\\Chequito_AppD\\Chequito_AppD_Lab2\\app\\Views\\views\\playlist.php')
 3 SYSTEMPATH\View\View.php(229): CodeIgniter\View\View->CodeIgniter\View\{closure}()
 4 SYSTEMPATH\View\View.php(467): CodeIgniter\View\View->render('views/playlist.php', null, true)
 5 APPPATH\Views\view.php(25): CodeIgniter\View\View->include('views/playlist.php')
 6 SYSTEMPATH\View\View.php(226): include('C:\\laragon\\www\\Chequito_AppD\\Chequito_AppD_Lab2\\app\\Views\\view.php')
 7 SYSTEMPATH\View\View.php(229): CodeIgniter\View\View->CodeIgniter\View\{closure}()
 8 SYSTEMPATH\Common.php(1188): CodeIgniter\View\View->render('view', [], true)
 9 APPPATH\Controllers\MainController.php(103): view('view', [...])
10 SYSTEMPATH\CodeIgniter.php(919): App\Controllers\MainController->view()
11 SYSTEMPATH\CodeIgniter.php(494): CodeIgniter\CodeIgniter->runController(Object(App\Controllers\MainController))
12 SYSTEMPATH\CodeIgniter.php(353): CodeIgniter\CodeIgniter->handleRequest(null, Object(Config\Cache), false)
13 FCPATH\index.php(79): CodeIgniter\CodeIgniter->run()
14 SYSTEMPATH\Commands\Server\rewrite.php(47): require_once('C:\\laragon\\www\\Chequito_AppD\\Chequito_AppD_Lab2\\public\\index.php')
CRITICAL - 2023-09-28 07:19:45 --> syntax error, unexpected token "public", expecting end of file
in APPPATH\Controllers\MainController.php on line 76.
 1 SYSTEMPATH\Autoloader\Autoloader.php(285): CodeIgniter\Autoloader\Autoloader->includeFile('C:\\laragon\\www\\Chequito_AppD\\Chequito_AppD_Lab2\\app\\Controllers\\MainController.php')
 2 SYSTEMPATH\Autoloader\Autoloader.php(263): CodeIgniter\Autoloader\Autoloader->loadInNamespace('App\\Controllers\\MainController')
 3 [internal function]: CodeIgniter\Autoloader\Autoloader->loadClass('App\\Controllers\\MainController')
 4 SYSTEMPATH\CodeIgniter.php(877): class_exists('\\App\\Controllers\\MainController', true)
 5 SYSTEMPATH\CodeIgniter.php(481): CodeIgniter\CodeIgniter->startController()
 6 SYSTEMPATH\CodeIgniter.php(353): CodeIgniter\CodeIgniter->handleRequest(null, Object(Config\Cache), false)
 7 FCPATH\index.php(79): CodeIgniter\CodeIgniter->run()
 8 SYSTEMPATH\Commands\Server\rewrite.php(47): require_once('C:\\laragon\\www\\Chequito_AppD\\Chequito_AppD_Lab2\\public\\index.php')
CRITICAL - 2023-09-28 07:20:38 --> Undefined variable $item
in APPPATH\Views\views\playlist.php on line 19.
 1 APPPATH\Views\views\playlist.php(19): CodeIgniter\Debug\Exceptions->errorHandler(2, 'Undefined variable $item', 'C:\\laragon\\www\\Chequito_AppD\\Chequito_AppD_Lab2\\app\\Views\\views\\playlist.php', 19)
 2 SYSTEMPATH\View\View.php(226): include('C:\\laragon\\www\\Chequito_AppD\\Chequito_AppD_Lab2\\app\\Views\\views\\playlist.php')
 3 SYSTEMPATH\View\View.php(229): CodeIgniter\View\View->CodeIgniter\View\{closure}()
 4 SYSTEMPATH\View\View.php(467): CodeIgniter\View\View->render('views/playlist.php', null, true)
 5 APPPATH\Views\view.php(25): CodeIgniter\View\View->include('views/playlist.php')
 6 SYSTEMPATH\View\View.php(226): include('C:\\laragon\\www\\Chequito_AppD\\Chequito_AppD_Lab2\\app\\Views\\view.php')
 7 SYSTEMPATH\View\View.php(229): CodeIgniter\View\View->CodeIgniter\View\{closure}()
 8 SYSTEMPATH\Common.php(1188): CodeIgniter\View\View->render('view', [], true)
 9 APPPATH\Controllers\MainController.php(71): view('view', [...])
10 SYSTEMPATH\CodeIgniter.php(919): App\Controllers\MainController->view()
11 SYSTEMPATH\CodeIgniter.php(494): CodeIgniter\CodeIgniter->runController(Object(App\Controllers\MainController))
12 SYSTEMPATH\CodeIgniter.php(353): CodeIgniter\CodeIgniter->handleRequest(null, Object(Config\Cache), false)
13 FCPATH\index.php(79): CodeIgniter\CodeIgniter->run()
14 SYSTEMPATH\Commands\Server\rewrite.php(47): require_once('C:\\laragon\\www\\Chequito_AppD\\Chequito_AppD_Lab2\\public\\index.php')
CRITICAL - 2023-09-28 07:21:36 --> Undefined array key "name"
in APPPATH\Views\views\playlist.php on line 19.
 1 APPPATH\Views\views\playlist.php(19): CodeIgniter\Debug\Exceptions->errorHandler(2, 'Undefined array key "name"', 'C:\\laragon\\www\\Chequito_AppD\\Chequito_AppD_Lab2\\app\\Views\\views\\playlist.php', 19)
 2 SYSTEMPATH\View\View.php(226): include('C:\\laragon\\www\\Chequito_AppD\\Chequito_AppD_Lab2\\app\\Views\\views\\playlist.php')
 3 SYSTEMPATH\View\View.php(229): CodeIgniter\View\View->CodeIgniter\View\{closure}()
 4 SYSTEMPATH\View\View.php(467): CodeIgniter\View\View->render('views/playlist.php', null, true)
 5 APPPATH\Views\view.php(25): CodeIgniter\View\View->include('views/playlist.php')
 6 SYSTEMPATH\View\View.php(226): include('C:\\laragon\\www\\Chequito_AppD\\Chequito_AppD_Lab2\\app\\Views\\view.php')
 7 SYSTEMPATH\View\View.php(229): CodeIgniter\View\View->CodeIgniter\View\{closure}()
 8 SYSTEMPATH\Common.php(1188): CodeIgniter\View\View->render('view', [], true)
 9 APPPATH\Controllers\MainController.php(71): view('view', [...])
10 SYSTEMPATH\CodeIgniter.php(919): App\Controllers\MainController->view()
11 SYSTEMPATH\CodeIgniter.php(494): CodeIgniter\CodeIgniter->runController(Object(App\Controllers\MainController))
12 SYSTEMPATH\CodeIgniter.php(353): CodeIgniter\CodeIgniter->handleRequest(null, Object(Config\Cache), false)
13 FCPATH\index.php(79): CodeIgniter\CodeIgniter->run()
14 SYSTEMPATH\Commands\Server\rewrite.php(47): require_once('C:\\laragon\\www\\Chequito_AppD\\Chequito_AppD_Lab2\\public\\index.php')
CRITICAL - 2023-09-28 07:24:43 --> Undefined variable $song
in APPPATH\Views\views\playlist.php on line 19.
 1 APPPATH\Views\views\playlist.php(19): CodeIgniter\Debug\Exceptions->errorHandler(2, 'Undefined variable $song', 'C:\\laragon\\www\\Chequito_AppD\\Chequito_AppD_Lab2\\app\\Views\\views\\playlist.php', 19)
 2 SYSTEMPATH\View\View.php(226): include('C:\\laragon\\www\\Chequito_AppD\\Chequito_AppD_Lab2\\app\\Views\\views\\playlist.php')
 3 SYSTEMPATH\View\View.php(229): CodeIgniter\View\View->CodeIgniter\View\{closure}()
 4 SYSTEMPATH\View\View.php(467): CodeIgniter\View\View->render('views/playlist.php', null, true)
 5 APPPATH\Views\view.php(25): CodeIgniter\View\View->include('views/playlist.php')
 6 SYSTEMPATH\View\View.php(226): include('C:\\laragon\\www\\Chequito_AppD\\Chequito_AppD_Lab2\\app\\Views\\view.php')
 7 SYSTEMPATH\View\View.php(229): CodeIgniter\View\View->CodeIgniter\View\{closure}()
 8 SYSTEMPATH\Common.php(1188): CodeIgniter\View\View->render('view', [], true)
 9 APPPATH\Controllers\MainController.php(71): view('view', [...])
10 SYSTEMPATH\CodeIgniter.php(919): App\Controllers\MainController->view()
11 SYSTEMPATH\CodeIgniter.php(494): CodeIgniter\CodeIgniter->runController(Object(App\Controllers\MainController))
12 SYSTEMPATH\CodeIgniter.php(353): CodeIgniter\CodeIgniter->handleRequest(null, Object(Config\Cache), false)
13 FCPATH\index.php(79): CodeIgniter\CodeIgniter->run()
14 SYSTEMPATH\Commands\Server\rewrite.php(47): require_once('C:\\laragon\\www\\Chequito_AppD\\Chequito_AppD_Lab2\\public\\index.php')
CRITICAL - 2023-09-28 07:25:02 --> Undefined array key "name"
in APPPATH\Views\views\playlist.php on line 19.
 1 APPPATH\Views\views\playlist.php(19): CodeIgniter\Debug\Exceptions->errorHandler(2, 'Undefined array key "name"', 'C:\\laragon\\www\\Chequito_AppD\\Chequito_AppD_Lab2\\app\\Views\\views\\playlist.php', 19)
 2 SYSTEMPATH\View\View.php(226): include('C:\\laragon\\www\\Chequito_AppD\\Chequito_AppD_Lab2\\app\\Views\\views\\playlist.php')
 3 SYSTEMPATH\View\View.php(229): CodeIgniter\View\View->CodeIgniter\View\{closure}()
 4 SYSTEMPATH\View\View.php(467): CodeIgniter\View\View->render('views/playlist.php', null, true)
 5 APPPATH\Views\view.php(25): CodeIgniter\View\View->include('views/playlist.php')
 6 SYSTEMPATH\View\View.php(226): include('C:\\laragon\\www\\Chequito_AppD\\Chequito_AppD_Lab2\\app\\Views\\view.php')
 7 SYSTEMPATH\View\View.php(229): CodeIgniter\View\View->CodeIgniter\View\{closure}()
 8 SYSTEMPATH\Common.php(1188): CodeIgniter\View\View->render('view', [], true)
 9 APPPATH\Controllers\MainController.php(71): view('view', [...])
10 SYSTEMPATH\CodeIgniter.php(919): App\Controllers\MainController->view()
11 SYSTEMPATH\CodeIgniter.php(494): CodeIgniter\CodeIgniter->runController(Object(App\Controllers\MainController))
12 SYSTEMPATH\CodeIgniter.php(353): CodeIgniter\CodeIgniter->handleRequest(null, Object(Config\Cache), false)
13 FCPATH\index.php(79): CodeIgniter\CodeIgniter->run()
14 SYSTEMPATH\Commands\Server\rewrite.php(47): require_once('C:\\laragon\\www\\Chequito_AppD\\Chequito_AppD_Lab2\\public\\index.php')
CRITICAL - 2023-09-28 07:25:19 --> Undefined array key "id"
in APPPATH\Views\views\playlist.php on line 19.
 1 APPPATH\Views\views\playlist.php(19): CodeIgniter\Debug\Exceptions->errorHandler(2, 'Undefined array key "id"', 'C:\\laragon\\www\\Chequito_AppD\\Chequito_AppD_Lab2\\app\\Views\\views\\playlist.php', 19)
 2 SYSTEMPATH\View\View.php(226): include('C:\\laragon\\www\\Chequito_AppD\\Chequito_AppD_Lab2\\app\\Views\\views\\playlist.php')
 3 SYSTEMPATH\View\View.php(229): CodeIgniter\View\View->CodeIgniter\View\{closure}()
 4 SYSTEMPATH\View\View.php(467): CodeIgniter\View\View->render('views/playlist.php', null, true)
 5 APPPATH\Views\view.php(25): CodeIgniter\View\View->include('views/playlist.php')
 6 SYSTEMPATH\View\View.php(226): include('C:\\laragon\\www\\Chequito_AppD\\Chequito_AppD_Lab2\\app\\Views\\view.php')
 7 SYSTEMPATH\View\View.php(229): CodeIgniter\View\View->CodeIgniter\View\{closure}()
 8 SYSTEMPATH\Common.php(1188): CodeIgniter\View\View->render('view', [], true)
 9 APPPATH\Controllers\MainController.php(71): view('view', [...])
10 SYSTEMPATH\CodeIgniter.php(919): App\Controllers\MainController->view()
11 SYSTEMPATH\CodeIgniter.php(494): CodeIgniter\CodeIgniter->runController(Object(App\Controllers\MainController))
12 SYSTEMPATH\CodeIgniter.php(353): CodeIgniter\CodeIgniter->handleRequest(null, Object(Config\Cache), false)
13 FCPATH\index.php(79): CodeIgniter\CodeIgniter->run()
14 SYSTEMPATH\Commands\Server\rewrite.php(47): require_once('C:\\laragon\\www\\Chequito_AppD\\Chequito_AppD_Lab2\\public\\index.php')
CRITICAL - 2023-09-28 07:25:29 --> Undefined array key "name"
in APPPATH\Views\views\playlist.php on line 19.
 1 APPPATH\Views\views\playlist.php(19): CodeIgniter\Debug\Exceptions->errorHandler(2, 'Undefined array key "name"', 'C:\\laragon\\www\\Chequito_AppD\\Chequito_AppD_Lab2\\app\\Views\\views\\playlist.php', 19)
 2 SYSTEMPATH\View\View.php(226): include('C:\\laragon\\www\\Chequito_AppD\\Chequito_AppD_Lab2\\app\\Views\\views\\playlist.php')
 3 SYSTEMPATH\View\View.php(229): CodeIgniter\View\View->CodeIgniter\View\{closure}()
 4 SYSTEMPATH\View\View.php(467): CodeIgniter\View\View->render('views/playlist.php', null, true)
 5 APPPATH\Views\view.php(25): CodeIgniter\View\View->include('views/playlist.php')
 6 SYSTEMPATH\View\View.php(226): include('C:\\laragon\\www\\Chequito_AppD\\Chequito_AppD_Lab2\\app\\Views\\view.php')
 7 SYSTEMPATH\View\View.php(229): CodeIgniter\View\View->CodeIgniter\View\{closure}()
 8 SYSTEMPATH\Common.php(1188): CodeIgniter\View\View->render('view', [], true)
 9 APPPATH\Controllers\MainController.php(71): view('view', [...])
10 SYSTEMPATH\CodeIgniter.php(919): App\Controllers\MainController->view()
11 SYSTEMPATH\CodeIgniter.php(494): CodeIgniter\CodeIgniter->runController(Object(App\Controllers\MainController))
12 SYSTEMPATH\CodeIgniter.php(353): CodeIgniter\CodeIgniter->handleRequest(null, Object(Config\Cache), false)
13 FCPATH\index.php(79): CodeIgniter\CodeIgniter->run()
14 SYSTEMPATH\Commands\Server\rewrite.php(47): require_once('C:\\laragon\\www\\Chequito_AppD\\Chequito_AppD_Lab2\\public\\index.php')
CRITICAL - 2023-09-28 07:25:49 --> Undefined array key "song_id"
in APPPATH\Views\views\playlist.php on line 19.
 1 APPPATH\Views\views\playlist.php(19): CodeIgniter\Debug\Exceptions->errorHandler(2, 'Undefined array key "song_id"', 'C:\\laragon\\www\\Chequito_AppD\\Chequito_AppD_Lab2\\app\\Views\\views\\playlist.php', 19)
 2 SYSTEMPATH\View\View.php(226): include('C:\\laragon\\www\\Chequito_AppD\\Chequito_AppD_Lab2\\app\\Views\\views\\playlist.php')
 3 SYSTEMPATH\View\View.php(229): CodeIgniter\View\View->CodeIgniter\View\{closure}()
 4 SYSTEMPATH\View\View.php(467): CodeIgniter\View\View->render('views/playlist.php', null, true)
 5 APPPATH\Views\view.php(25): CodeIgniter\View\View->include('views/playlist.php')
 6 SYSTEMPATH\View\View.php(226): include('C:\\laragon\\www\\Chequito_AppD\\Chequito_AppD_Lab2\\app\\Views\\view.php')
 7 SYSTEMPATH\View\View.php(229): CodeIgniter\View\View->CodeIgniter\View\{closure}()
 8 SYSTEMPATH\Common.php(1188): CodeIgniter\View\View->render('view', [], true)
 9 APPPATH\Controllers\MainController.php(71): view('view', [...])
10 SYSTEMPATH\CodeIgniter.php(919): App\Controllers\MainController->view()
11 SYSTEMPATH\CodeIgniter.php(494): CodeIgniter\CodeIgniter->runController(Object(App\Controllers\MainController))
12 SYSTEMPATH\CodeIgniter.php(353): CodeIgniter\CodeIgniter->handleRequest(null, Object(Config\Cache), false)
13 FCPATH\index.php(79): CodeIgniter\CodeIgniter->run()
14 SYSTEMPATH\Commands\Server\rewrite.php(47): require_once('C:\\laragon\\www\\Chequito_AppD\\Chequito_AppD_Lab2\\public\\index.php')
CRITICAL - 2023-09-28 07:26:16 --> Undefined array key "id"
in APPPATH\Views\views\playlist.php on line 19.
 1 APPPATH\Views\views\playlist.php(19): CodeIgniter\Debug\Exceptions->errorHandler(2, 'Undefined array key "id"', 'C:\\laragon\\www\\Chequito_AppD\\Chequito_AppD_Lab2\\app\\Views\\views\\playlist.php', 19)
 2 SYSTEMPATH\View\View.php(226): include('C:\\laragon\\www\\Chequito_AppD\\Chequito_AppD_Lab2\\app\\Views\\views\\playlist.php')
 3 SYSTEMPATH\View\View.php(229): CodeIgniter\View\View->CodeIgniter\View\{closure}()
 4 SYSTEMPATH\View\View.php(467): CodeIgniter\View\View->render('views/playlist.php', null, true)
 5 APPPATH\Views\view.php(25): CodeIgniter\View\View->include('views/playlist.php')
 6 SYSTEMPATH\View\View.php(226): include('C:\\laragon\\www\\Chequito_AppD\\Chequito_AppD_Lab2\\app\\Views\\view.php')
 7 SYSTEMPATH\View\View.php(229): CodeIgniter\View\View->CodeIgniter\View\{closure}()
 8 SYSTEMPATH\Common.php(1188): CodeIgniter\View\View->render('view', [], true)
 9 APPPATH\Controllers\MainController.php(71): view('view', [...])
10 SYSTEMPATH\CodeIgniter.php(919): App\Controllers\MainController->view()
11 SYSTEMPATH\CodeIgniter.php(494): CodeIgniter\CodeIgniter->runController(Object(App\Controllers\MainController))
12 SYSTEMPATH\CodeIgniter.php(353): CodeIgniter\CodeIgniter->handleRequest(null, Object(Config\Cache), false)
13 FCPATH\index.php(79): CodeIgniter\CodeIgniter->run()
14 SYSTEMPATH\Commands\Server\rewrite.php(47): require_once('C:\\laragon\\www\\Chequito_AppD\\Chequito_AppD_Lab2\\public\\index.php')
CRITICAL - 2023-09-28 07:28:17 --> Undefined variable $item
in APPPATH\Views\views\playlist.php on line 19.
 1 APPPATH\Views\views\playlist.php(19): CodeIgniter\Debug\Exceptions->errorHandler(2, 'Undefined variable $item', 'C:\\laragon\\www\\Chequito_AppD\\Chequito_AppD_Lab2\\app\\Views\\views\\playlist.php', 19)
 2 SYSTEMPATH\View\View.php(226): include('C:\\laragon\\www\\Chequito_AppD\\Chequito_AppD_Lab2\\app\\Views\\views\\playlist.php')
 3 SYSTEMPATH\View\View.php(229): CodeIgniter\View\View->CodeIgniter\View\{closure}()
 4 SYSTEMPATH\View\View.php(467): CodeIgniter\View\View->render('views/playlist.php', null, true)
 5 APPPATH\Views\view.php(25): CodeIgniter\View\View->include('views/playlist.php')
 6 SYSTEMPATH\View\View.php(226): include('C:\\laragon\\www\\Chequito_AppD\\Chequito_AppD_Lab2\\app\\Views\\view.php')
 7 SYSTEMPATH\View\View.php(229): CodeIgniter\View\View->CodeIgniter\View\{closure}()
 8 SYSTEMPATH\Common.php(1188): CodeIgniter\View\View->render('view', [], true)
 9 APPPATH\Controllers\MainController.php(71): view('view', [...])
10 SYSTEMPATH\CodeIgniter.php(919): App\Controllers\MainController->view()
11 SYSTEMPATH\CodeIgniter.php(494): CodeIgniter\CodeIgniter->runController(Object(App\Controllers\MainController))
12 SYSTEMPATH\CodeIgniter.php(353): CodeIgniter\CodeIgniter->handleRequest(null, Object(Config\Cache), false)
13 FCPATH\index.php(79): CodeIgniter\CodeIgniter->run()
14 SYSTEMPATH\Commands\Server\rewrite.php(47): require_once('C:\\laragon\\www\\Chequito_AppD\\Chequito_AppD_Lab2\\public\\index.php')
CRITICAL - 2023-09-28 07:28:36 --> Undefined array key "id"
in APPPATH\Views\views\playlist.php on line 19.
 1 APPPATH\Views\views\playlist.php(19): CodeIgniter\Debug\Exceptions->errorHandler(2, 'Undefined array key "id"', 'C:\\laragon\\www\\Chequito_AppD\\Chequito_AppD_Lab2\\app\\Views\\views\\playlist.php', 19)
 2 SYSTEMPATH\View\View.php(226): include('C:\\laragon\\www\\Chequito_AppD\\Chequito_AppD_Lab2\\app\\Views\\views\\playlist.php')
 3 SYSTEMPATH\View\View.php(229): CodeIgniter\View\View->CodeIgniter\View\{closure}()
 4 SYSTEMPATH\View\View.php(467): CodeIgniter\View\View->render('views/playlist.php', null, true)
 5 APPPATH\Views\view.php(25): CodeIgniter\View\View->include('views/playlist.php')
 6 SYSTEMPATH\View\View.php(226): include('C:\\laragon\\www\\Chequito_AppD\\Chequito_AppD_Lab2\\app\\Views\\view.php')
 7 SYSTEMPATH\View\View.php(229): CodeIgniter\View\View->CodeIgniter\View\{closure}()
 8 SYSTEMPATH\Common.php(1188): CodeIgniter\View\View->render('view', [], true)
 9 APPPATH\Controllers\MainController.php(71): view('view', [...])
10 SYSTEMPATH\CodeIgniter.php(919): App\Controllers\MainController->view()
11 SYSTEMPATH\CodeIgniter.php(494): CodeIgniter\CodeIgniter->runController(Object(App\Controllers\MainController))
12 SYSTEMPATH\CodeIgniter.php(353): CodeIgniter\CodeIgniter->handleRequest(null, Object(Config\Cache), false)
13 FCPATH\index.php(79): CodeIgniter\CodeIgniter->run()
14 SYSTEMPATH\Commands\Server\rewrite.php(47): require_once('C:\\laragon\\www\\Chequito_AppD\\Chequito_AppD_Lab2\\public\\index.php')
CRITICAL - 2023-09-28 07:29:06 --> Undefined array key "playlist_id"
in APPPATH\Views\views\playlist.php on line 19.
 1 APPPATH\Views\views\playlist.php(19): CodeIgniter\Debug\Exceptions->errorHandler(2, 'Undefined array key "playlist_id"', 'C:\\laragon\\www\\Chequito_AppD\\Chequito_AppD_Lab2\\app\\Views\\views\\playlist.php', 19)
 2 SYSTEMPATH\View\View.php(226): include('C:\\laragon\\www\\Chequito_AppD\\Chequito_AppD_Lab2\\app\\Views\\views\\playlist.php')
 3 SYSTEMPATH\View\View.php(229): CodeIgniter\View\View->CodeIgniter\View\{closure}()
 4 SYSTEMPATH\View\View.php(467): CodeIgniter\View\View->render('views/playlist.php', null, true)
 5 APPPATH\Views\view.php(25): CodeIgniter\View\View->include('views/playlist.php')
 6 SYSTEMPATH\View\View.php(226): include('C:\\laragon\\www\\Chequito_AppD\\Chequito_AppD_Lab2\\app\\Views\\view.php')
 7 SYSTEMPATH\View\View.php(229): CodeIgniter\View\View->CodeIgniter\View\{closure}()
 8 SYSTEMPATH\Common.php(1188): CodeIgniter\View\View->render('view', [], true)
 9 APPPATH\Controllers\MainController.php(71): view('view', [...])
10 SYSTEMPATH\CodeIgniter.php(919): App\Controllers\MainController->view()
11 SYSTEMPATH\CodeIgniter.php(494): CodeIgniter\CodeIgniter->runController(Object(App\Controllers\MainController))
12 SYSTEMPATH\CodeIgniter.php(353): CodeIgniter\CodeIgniter->handleRequest(null, Object(Config\Cache), false)
13 FCPATH\index.php(79): CodeIgniter\CodeIgniter->run()
14 SYSTEMPATH\Commands\Server\rewrite.php(47): require_once('C:\\laragon\\www\\Chequito_AppD\\Chequito_AppD_Lab2\\public\\index.php')
CRITICAL - 2023-09-28 07:29:18 --> Undefined array key "song_id"
in APPPATH\Views\views\playlist.php on line 19.
 1 APPPATH\Views\views\playlist.php(19): CodeIgniter\Debug\Exceptions->errorHandler(2, 'Undefined array key "song_id"', 'C:\\laragon\\www\\Chequito_AppD\\Chequito_AppD_Lab2\\app\\Views\\views\\playlist.php', 19)
 2 SYSTEMPATH\View\View.php(226): include('C:\\laragon\\www\\Chequito_AppD\\Chequito_AppD_Lab2\\app\\Views\\views\\playlist.php')
 3 SYSTEMPATH\View\View.php(229): CodeIgniter\View\View->CodeIgniter\View\{closure}()
 4 SYSTEMPATH\View\View.php(467): CodeIgniter\View\View->render('views/playlist.php', null, true)
 5 APPPATH\Views\view.php(25): CodeIgniter\View\View->include('views/playlist.php')
 6 SYSTEMPATH\View\View.php(226): include('C:\\laragon\\www\\Chequito_AppD\\Chequito_AppD_Lab2\\app\\Views\\view.php')
 7 SYSTEMPATH\View\View.php(229): CodeIgniter\View\View->CodeIgniter\View\{closure}()
 8 SYSTEMPATH\Common.php(1188): CodeIgniter\View\View->render('view', [], true)
 9 APPPATH\Controllers\MainController.php(71): view('view', [...])
10 SYSTEMPATH\CodeIgniter.php(919): App\Controllers\MainController->view()
11 SYSTEMPATH\CodeIgniter.php(494): CodeIgniter\CodeIgniter->runController(Object(App\Controllers\MainController))
12 SYSTEMPATH\CodeIgniter.php(353): CodeIgniter\CodeIgniter->handleRequest(null, Object(Config\Cache), false)
13 FCPATH\index.php(79): CodeIgniter\CodeIgniter->run()
14 SYSTEMPATH\Commands\Server\rewrite.php(47): require_once('C:\\laragon\\www\\Chequito_AppD\\Chequito_AppD_Lab2\\public\\index.php')
CRITICAL - 2023-09-28 07:29:35 --> Undefined array key "file"
in APPPATH\Views\views\playlist.php on line 19.
 1 APPPATH\Views\views\playlist.php(19): CodeIgniter\Debug\Exceptions->errorHandler(2, 'Undefined array key "file"', 'C:\\laragon\\www\\Chequito_AppD\\Chequito_AppD_Lab2\\app\\Views\\views\\playlist.php', 19)
 2 SYSTEMPATH\View\View.php(226): include('C:\\laragon\\www\\Chequito_AppD\\Chequito_AppD_Lab2\\app\\Views\\views\\playlist.php')
 3 SYSTEMPATH\View\View.php(229): CodeIgniter\View\View->CodeIgniter\View\{closure}()
 4 SYSTEMPATH\View\View.php(467): CodeIgniter\View\View->render('views/playlist.php', null, true)
 5 APPPATH\Views\view.php(25): CodeIgniter\View\View->include('views/playlist.php')
 6 SYSTEMPATH\View\View.php(226): include('C:\\laragon\\www\\Chequito_AppD\\Chequito_AppD_Lab2\\app\\Views\\view.php')
 7 SYSTEMPATH\View\View.php(229): CodeIgniter\View\View->CodeIgniter\View\{closure}()
 8 SYSTEMPATH\Common.php(1188): CodeIgniter\View\View->render('view', [], true)
 9 APPPATH\Controllers\MainController.php(71): view('view', [...])
10 SYSTEMPATH\CodeIgniter.php(919): App\Controllers\MainController->view()
11 SYSTEMPATH\CodeIgniter.php(494): CodeIgniter\CodeIgniter->runController(Object(App\Controllers\MainController))
12 SYSTEMPATH\CodeIgniter.php(353): CodeIgniter\CodeIgniter->handleRequest(null, Object(Config\Cache), false)
13 FCPATH\index.php(79): CodeIgniter\CodeIgniter->run()
14 SYSTEMPATH\Commands\Server\rewrite.php(47): require_once('C:\\laragon\\www\\Chequito_AppD\\Chequito_AppD_Lab2\\public\\index.php')
CRITICAL - 2023-09-28 07:30:17 --> Undefined array key "title"
in APPPATH\Views\views\playlist.php on line 19.
 1 APPPATH\Views\views\playlist.php(19): CodeIgniter\Debug\Exceptions->errorHandler(2, 'Undefined array key "title"', 'C:\\laragon\\www\\Chequito_AppD\\Chequito_AppD_Lab2\\app\\Views\\views\\playlist.php', 19)
 2 SYSTEMPATH\View\View.php(226): include('C:\\laragon\\www\\Chequito_AppD\\Chequito_AppD_Lab2\\app\\Views\\views\\playlist.php')
 3 SYSTEMPATH\View\View.php(229): CodeIgniter\View\View->CodeIgniter\View\{closure}()
 4 SYSTEMPATH\View\View.php(467): CodeIgniter\View\View->render('views/playlist.php', null, true)
 5 APPPATH\Views\view.php(25): CodeIgniter\View\View->include('views/playlist.php')
 6 SYSTEMPATH\View\View.php(226): include('C:\\laragon\\www\\Chequito_AppD\\Chequito_AppD_Lab2\\app\\Views\\view.php')
 7 SYSTEMPATH\View\View.php(229): CodeIgniter\View\View->CodeIgniter\View\{closure}()
 8 SYSTEMPATH\Common.php(1188): CodeIgniter\View\View->render('view', [], true)
 9 APPPATH\Controllers\MainController.php(71): view('view', [...])
10 SYSTEMPATH\CodeIgniter.php(919): App\Controllers\MainController->view()
11 SYSTEMPATH\CodeIgniter.php(494): CodeIgniter\CodeIgniter->runController(Object(App\Controllers\MainController))
12 SYSTEMPATH\CodeIgniter.php(353): CodeIgniter\CodeIgniter->handleRequest(null, Object(Config\Cache), false)
13 FCPATH\index.php(79): CodeIgniter\CodeIgniter->run()
14 SYSTEMPATH\Commands\Server\rewrite.php(47): require_once('C:\\laragon\\www\\Chequito_AppD\\Chequito_AppD_Lab2\\public\\index.php')
CRITICAL - 2023-09-28 07:30:28 --> Undefined array key "id"
in APPPATH\Views\views\playlist.php on line 19.
 1 APPPATH\Views\views\playlist.php(19): CodeIgniter\Debug\Exceptions->errorHandler(2, 'Undefined array key "id"', 'C:\\laragon\\www\\Chequito_AppD\\Chequito_AppD_Lab2\\app\\Views\\views\\playlist.php', 19)
 2 SYSTEMPATH\View\View.php(226): include('C:\\laragon\\www\\Chequito_AppD\\Chequito_AppD_Lab2\\app\\Views\\views\\playlist.php')
 3 SYSTEMPATH\View\View.php(229): CodeIgniter\View\View->CodeIgniter\View\{closure}()
 4 SYSTEMPATH\View\View.php(467): CodeIgniter\View\View->render('views/playlist.php', null, true)
 5 APPPATH\Views\view.php(25): CodeIgniter\View\View->include('views/playlist.php')
 6 SYSTEMPATH\View\View.php(226): include('C:\\laragon\\www\\Chequito_AppD\\Chequito_AppD_Lab2\\app\\Views\\view.php')
 7 SYSTEMPATH\View\View.php(229): CodeIgniter\View\View->CodeIgniter\View\{closure}()
 8 SYSTEMPATH\Common.php(1188): CodeIgniter\View\View->render('view', [], true)
 9 APPPATH\Controllers\MainController.php(71): view('view', [...])
10 SYSTEMPATH\CodeIgniter.php(919): App\Controllers\MainController->view()
11 SYSTEMPATH\CodeIgniter.php(494): CodeIgniter\CodeIgniter->runController(Object(App\Controllers\MainController))
12 SYSTEMPATH\CodeIgniter.php(353): CodeIgniter\CodeIgniter->handleRequest(null, Object(Config\Cache), false)
13 FCPATH\index.php(79): CodeIgniter\CodeIgniter->run()
14 SYSTEMPATH\Commands\Server\rewrite.php(47): require_once('C:\\laragon\\www\\Chequito_AppD\\Chequito_AppD_Lab2\\public\\index.php')
CRITICAL - 2023-09-28 07:34:41 --> Undefined array key "id"
in APPPATH\Views\views\playlist.php on line 19.
 1 APPPATH\Views\views\playlist.php(19): CodeIgniter\Debug\Exceptions->errorHandler(2, 'Undefined array key "id"', 'C:\\laragon\\www\\Chequito_AppD\\Chequito_AppD_Lab2\\app\\Views\\views\\playlist.php', 19)
 2 SYSTEMPATH\View\View.php(226): include('C:\\laragon\\www\\Chequito_AppD\\Chequito_AppD_Lab2\\app\\Views\\views\\playlist.php')
 3 SYSTEMPATH\View\View.php(229): CodeIgniter\View\View->CodeIgniter\View\{closure}()
 4 SYSTEMPATH\View\View.php(467): CodeIgniter\View\View->render('views/playlist.php', null, true)
 5 APPPATH\Views\view.php(25): CodeIgniter\View\View->include('views/playlist.php')
 6 SYSTEMPATH\View\View.php(226): include('C:\\laragon\\www\\Chequito_AppD\\Chequito_AppD_Lab2\\app\\Views\\view.php')
 7 SYSTEMPATH\View\View.php(229): CodeIgniter\View\View->CodeIgniter\View\{closure}()
 8 SYSTEMPATH\Common.php(1188): CodeIgniter\View\View->render('view', [], true)
 9 APPPATH\Controllers\MainController.php(71): view('view', [...])
10 SYSTEMPATH\CodeIgniter.php(919): App\Controllers\MainController->view()
11 SYSTEMPATH\CodeIgniter.php(494): CodeIgniter\CodeIgniter->runController(Object(App\Controllers\MainController))
12 SYSTEMPATH\CodeIgniter.php(353): CodeIgniter\CodeIgniter->handleRequest(null, Object(Config\Cache), false)
13 FCPATH\index.php(79): CodeIgniter\CodeIgniter->run()
14 SYSTEMPATH\Commands\Server\rewrite.php(47): require_once('C:\\laragon\\www\\Chequito_AppD\\Chequito_AppD_Lab2\\public\\index.php')
CRITICAL - 2023-09-28 07:34:48 --> Undefined array key "id"
in APPPATH\Views\views\playlist.php on line 19.
 1 APPPATH\Views\views\playlist.php(19): CodeIgniter\Debug\Exceptions->errorHandler(2, 'Undefined array key "id"', 'C:\\laragon\\www\\Chequito_AppD\\Chequito_AppD_Lab2\\app\\Views\\views\\playlist.php', 19)
 2 SYSTEMPATH\View\View.php(226): include('C:\\laragon\\www\\Chequito_AppD\\Chequito_AppD_Lab2\\app\\Views\\views\\playlist.php')
 3 SYSTEMPATH\View\View.php(229): CodeIgniter\View\View->CodeIgniter\View\{closure}()
 4 SYSTEMPATH\View\View.php(467): CodeIgniter\View\View->render('views/playlist.php', null, true)
 5 APPPATH\Views\view.php(25): CodeIgniter\View\View->include('views/playlist.php')
 6 SYSTEMPATH\View\View.php(226): include('C:\\laragon\\www\\Chequito_AppD\\Chequito_AppD_Lab2\\app\\Views\\view.php')
 7 SYSTEMPATH\View\View.php(229): CodeIgniter\View\View->CodeIgniter\View\{closure}()
 8 SYSTEMPATH\Common.php(1188): CodeIgniter\View\View->render('view', [], true)
 9 APPPATH\Controllers\MainController.php(71): view('view', [...])
10 SYSTEMPATH\CodeIgniter.php(919): App\Controllers\MainController->view()
11 SYSTEMPATH\CodeIgniter.php(494): CodeIgniter\CodeIgniter->runController(Object(App\Controllers\MainController))
12 SYSTEMPATH\CodeIgniter.php(353): CodeIgniter\CodeIgniter->handleRequest(null, Object(Config\Cache), false)
13 FCPATH\index.php(79): CodeIgniter\CodeIgniter->run()
14 SYSTEMPATH\Commands\Server\rewrite.php(47): require_once('C:\\laragon\\www\\Chequito_AppD\\Chequito_AppD_Lab2\\public\\index.php')
CRITICAL - 2023-09-28 07:35:31 --> Undefined variable $song
in APPPATH\Views\view.php on line 218.
 1 APPPATH\Views\view.php(218): CodeIgniter\Debug\Exceptions->errorHandler(2, 'Undefined variable $song', 'C:\\laragon\\www\\Chequito_AppD\\Chequito_AppD_Lab2\\app\\Views\\view.php', 218)
 2 SYSTEMPATH\View\View.php(226): include('C:\\laragon\\www\\Chequito_AppD\\Chequito_AppD_Lab2\\app\\Views\\view.php')
 3 SYSTEMPATH\View\View.php(229): CodeIgniter\View\View->CodeIgniter\View\{closure}()
 4 SYSTEMPATH\Common.php(1188): CodeIgniter\View\View->render('view', [], true)
 5 APPPATH\Controllers\MainController.php(71): view('view', [...])
 6 SYSTEMPATH\CodeIgniter.php(919): App\Controllers\MainController->view()
 7 SYSTEMPATH\CodeIgniter.php(494): CodeIgniter\CodeIgniter->runController(Object(App\Controllers\MainController))
 8 SYSTEMPATH\CodeIgniter.php(353): CodeIgniter\CodeIgniter->handleRequest(null, Object(Config\Cache), false)
 9 FCPATH\index.php(79): CodeIgniter\CodeIgniter->run()
10 SYSTEMPATH\Commands\Server\rewrite.php(47): require_once('C:\\laragon\\www\\Chequito_AppD\\Chequito_AppD_Lab2\\public\\index.php')
CRITICAL - 2023-09-28 07:36:18 --> Undefined variable $music
in APPPATH\Views\view.php on line 221.
 1 APPPATH\Views\view.php(221): CodeIgniter\Debug\Exceptions->errorHandler(2, 'Undefined variable $music', 'C:\\laragon\\www\\Chequito_AppD\\Chequito_AppD_Lab2\\app\\Views\\view.php', 221)
 2 SYSTEMPATH\View\View.php(226): include('C:\\laragon\\www\\Chequito_AppD\\Chequito_AppD_Lab2\\app\\Views\\view.php')
 3 SYSTEMPATH\View\View.php(229): CodeIgniter\View\View->CodeIgniter\View\{closure}()
 4 SYSTEMPATH\Common.php(1188): CodeIgniter\View\View->render('view', [], true)
 5 APPPATH\Controllers\MainController.php(71): view('view', [...])
 6 SYSTEMPATH\CodeIgniter.php(919): App\Controllers\MainController->view()
 7 SYSTEMPATH\CodeIgniter.php(494): CodeIgniter\CodeIgniter->runController(Object(App\Controllers\MainController))
 8 SYSTEMPATH\CodeIgniter.php(353): CodeIgniter\CodeIgniter->handleRequest(null, Object(Config\Cache), false)
 9 FCPATH\index.php(79): CodeIgniter\CodeIgniter->run()
10 SYSTEMPATH\Commands\Server\rewrite.php(47): require_once('C:\\laragon\\www\\Chequito_AppD\\Chequito_AppD_Lab2\\public\\index.php')
CRITICAL - 2023-09-28 07:38:53 --> Undefined variable $item
in APPPATH\Views\views\playlist.php on line 19.
 1 APPPATH\Views\views\playlist.php(19): CodeIgniter\Debug\Exceptions->errorHandler(2, 'Undefined variable $item', 'C:\\laragon\\www\\Chequito_AppD\\Chequito_AppD_Lab2\\app\\Views\\views\\playlist.php', 19)
 2 SYSTEMPATH\View\View.php(226): include('C:\\laragon\\www\\Chequito_AppD\\Chequito_AppD_Lab2\\app\\Views\\views\\playlist.php')
 3 SYSTEMPATH\View\View.php(229): CodeIgniter\View\View->CodeIgniter\View\{closure}()
 4 SYSTEMPATH\View\View.php(467): CodeIgniter\View\View->render('views/playlist.php', null, true)
 5 APPPATH\Views\view.php(25): CodeIgniter\View\View->include('views/playlist.php')
 6 SYSTEMPATH\View\View.php(226): include('C:\\laragon\\www\\Chequito_AppD\\Chequito_AppD_Lab2\\app\\Views\\view.php')
 7 SYSTEMPATH\View\View.php(229): CodeIgniter\View\View->CodeIgniter\View\{closure}()
 8 SYSTEMPATH\Common.php(1188): CodeIgniter\View\View->render('view', [], true)
 9 APPPATH\Controllers\MainController.php(71): view('view', [...])
10 SYSTEMPATH\CodeIgniter.php(919): App\Controllers\MainController->view()
11 SYSTEMPATH\CodeIgniter.php(494): CodeIgniter\CodeIgniter->runController(Object(App\Controllers\MainController))
12 SYSTEMPATH\CodeIgniter.php(353): CodeIgniter\CodeIgniter->handleRequest(null, Object(Config\Cache), false)
13 FCPATH\index.php(79): CodeIgniter\CodeIgniter->run()
14 SYSTEMPATH\Commands\Server\rewrite.php(47): require_once('C:\\laragon\\www\\Chequito_AppD\\Chequito_AppD_Lab2\\public\\index.php')
CRITICAL - 2023-09-28 07:47:48 --> Undefined variable $item
in APPPATH\Views\views\playlist.php on line 19.
 1 APPPATH\Views\views\playlist.php(19): CodeIgniter\Debug\Exceptions->errorHandler(2, 'Undefined variable $item', 'C:\\laragon\\www\\Chequito_AppD\\Chequito_AppD_Lab2\\app\\Views\\views\\playlist.php', 19)
 2 SYSTEMPATH\View\View.php(226): include('C:\\laragon\\www\\Chequito_AppD\\Chequito_AppD_Lab2\\app\\Views\\views\\playlist.php')
 3 SYSTEMPATH\View\View.php(229): CodeIgniter\View\View->CodeIgniter\View\{closure}()
 4 SYSTEMPATH\View\View.php(467): CodeIgniter\View\View->render('views/playlist.php', null, true)
 5 APPPATH\Views\view.php(25): CodeIgniter\View\View->include('views/playlist.php')
 6 SYSTEMPATH\View\View.php(226): include('C:\\laragon\\www\\Chequito_AppD\\Chequito_AppD_Lab2\\app\\Views\\view.php')
 7 SYSTEMPATH\View\View.php(229): CodeIgniter\View\View->CodeIgniter\View\{closure}()
 8 SYSTEMPATH\Common.php(1188): CodeIgniter\View\View->render('view', [], true)
 9 APPPATH\Controllers\MainController.php(71): view('view', [...])
10 SYSTEMPATH\CodeIgniter.php(919): App\Controllers\MainController->view()
11 SYSTEMPATH\CodeIgniter.php(494): CodeIgniter\CodeIgniter->runController(Object(App\Controllers\MainController))
12 SYSTEMPATH\CodeIgniter.php(353): CodeIgniter\CodeIgniter->handleRequest(null, Object(Config\Cache), false)
13 FCPATH\index.php(79): CodeIgniter\CodeIgniter->run()
14 SYSTEMPATH\Commands\Server\rewrite.php(47): require_once('C:\\laragon\\www\\Chequito_AppD\\Chequito_AppD_Lab2\\public\\index.php')
CRITICAL - 2023-09-28 07:53:12 --> Call to a member function findAll() on null
in APPPATH\Controllers\MainController.php on line 69.
 1 SYSTEMPATH\CodeIgniter.php(919): App\Controllers\MainController->view()
 2 SYSTEMPATH\CodeIgniter.php(494): CodeIgniter\CodeIgniter->runController(Object(App\Controllers\MainController))
 3 SYSTEMPATH\CodeIgniter.php(353): CodeIgniter\CodeIgniter->handleRequest(null, Object(Config\Cache), false)
 4 FCPATH\index.php(79): CodeIgniter\CodeIgniter->run()
 5 SYSTEMPATH\Commands\Server\rewrite.php(47): require_once('C:\\laragon\\www\\Chequito_AppD\\Chequito_AppD_Lab2\\public\\index.php')
CRITICAL - 2023-09-28 07:53:56 --> Undefined variable $item
in APPPATH\Views\views\playlist.php on line 19.
 1 APPPATH\Views\views\playlist.php(19): CodeIgniter\Debug\Exceptions->errorHandler(2, 'Undefined variable $item', 'C:\\laragon\\www\\Chequito_AppD\\Chequito_AppD_Lab2\\app\\Views\\views\\playlist.php', 19)
 2 SYSTEMPATH\View\View.php(226): include('C:\\laragon\\www\\Chequito_AppD\\Chequito_AppD_Lab2\\app\\Views\\views\\playlist.php')
 3 SYSTEMPATH\View\View.php(229): CodeIgniter\View\View->CodeIgniter\View\{closure}()
 4 SYSTEMPATH\View\View.php(467): CodeIgniter\View\View->render('views/playlist.php', null, true)
 5 APPPATH\Views\view.php(25): CodeIgniter\View\View->include('views/playlist.php')
 6 SYSTEMPATH\View\View.php(226): include('C:\\laragon\\www\\Chequito_AppD\\Chequito_AppD_Lab2\\app\\Views\\view.php')
 7 SYSTEMPATH\View\View.php(229): CodeIgniter\View\View->CodeIgniter\View\{closure}()
 8 SYSTEMPATH\Common.php(1188): CodeIgniter\View\View->render('view', [], true)
 9 APPPATH\Controllers\MainController.php(71): view('view', [...])
10 SYSTEMPATH\CodeIgniter.php(919): App\Controllers\MainController->view()
11 SYSTEMPATH\CodeIgniter.php(494): CodeIgniter\CodeIgniter->runController(Object(App\Controllers\MainController))
12 SYSTEMPATH\CodeIgniter.php(353): CodeIgniter\CodeIgniter->handleRequest(null, Object(Config\Cache), false)
13 FCPATH\index.php(79): CodeIgniter\CodeIgniter->run()
14 SYSTEMPATH\Commands\Server\rewrite.php(47): require_once('C:\\laragon\\www\\Chequito_AppD\\Chequito_AppD_Lab2\\public\\index.php')
CRITICAL - 2023-09-28 07:57:37 --> Call to a member function findAll() on null
in APPPATH\Controllers\MainController.php on line 44.
 1 SYSTEMPATH\CodeIgniter.php(919): App\Controllers\MainController->view()
 2 SYSTEMPATH\CodeIgniter.php(494): CodeIgniter\CodeIgniter->runController(Object(App\Controllers\MainController))
 3 SYSTEMPATH\CodeIgniter.php(353): CodeIgniter\CodeIgniter->handleRequest(null, Object(Config\Cache), false)
 4 FCPATH\index.php(79): CodeIgniter\CodeIgniter->run()
 5 SYSTEMPATH\Commands\Server\rewrite.php(47): require_once('C:\\laragon\\www\\Chequito_AppD\\Chequito_AppD_Lab2\\public\\index.php')
CRITICAL - 2023-09-28 07:57:57 --> Undefined variable $item
in APPPATH\Views\views\playlist.php on line 19.
 1 APPPATH\Views\views\playlist.php(19): CodeIgniter\Debug\Exceptions->errorHandler(2, 'Undefined variable $item', 'C:\\laragon\\www\\Chequito_AppD\\Chequito_AppD_Lab2\\app\\Views\\views\\playlist.php', 19)
 2 SYSTEMPATH\View\View.php(226): include('C:\\laragon\\www\\Chequito_AppD\\Chequito_AppD_Lab2\\app\\Views\\views\\playlist.php')
 3 SYSTEMPATH\View\View.php(229): CodeIgniter\View\View->CodeIgniter\View\{closure}()
 4 SYSTEMPATH\View\View.php(467): CodeIgniter\View\View->render('views/playlist.php', null, true)
 5 APPPATH\Views\view.php(25): CodeIgniter\View\View->include('views/playlist.php')
 6 SYSTEMPATH\View\View.php(226): include('C:\\laragon\\www\\Chequito_AppD\\Chequito_AppD_Lab2\\app\\Views\\view.php')
 7 SYSTEMPATH\View\View.php(229): CodeIgniter\View\View->CodeIgniter\View\{closure}()
 8 SYSTEMPATH\Common.php(1188): CodeIgniter\View\View->render('view', [], true)
 9 APPPATH\Controllers\MainController.php(46): view('view', [...])
10 SYSTEMPATH\CodeIgniter.php(919): App\Controllers\MainController->view()
11 SYSTEMPATH\CodeIgniter.php(494): CodeIgniter\CodeIgniter->runController(Object(App\Controllers\MainController))
12 SYSTEMPATH\CodeIgniter.php(353): CodeIgniter\CodeIgniter->handleRequest(null, Object(Config\Cache), false)
13 FCPATH\index.php(79): CodeIgniter\CodeIgniter->run()
14 SYSTEMPATH\Commands\Server\rewrite.php(47): require_once('C:\\laragon\\www\\Chequito_AppD\\Chequito_AppD_Lab2\\public\\index.php')
CRITICAL - 2023-09-28 08:02:04 --> Undefined variable $item
in APPPATH\Views\views\playlist.php on line 19.
 1 APPPATH\Views\views\playlist.php(19): CodeIgniter\Debug\Exceptions->errorHandler(2, 'Undefined variable $item', 'C:\\laragon\\www\\Chequito_AppD\\Chequito_AppD_Lab2\\app\\Views\\views\\playlist.php', 19)
 2 SYSTEMPATH\View\View.php(226): include('C:\\laragon\\www\\Chequito_AppD\\Chequito_AppD_Lab2\\app\\Views\\views\\playlist.php')
 3 SYSTEMPATH\View\View.php(229): CodeIgniter\View\View->CodeIgniter\View\{closure}()
 4 SYSTEMPATH\View\View.php(467): CodeIgniter\View\View->render('views/playlist.php', null, true)
 5 APPPATH\Views\view.php(124): CodeIgniter\View\View->include('views/playlist.php')
 6 SYSTEMPATH\View\View.php(226): include('C:\\laragon\\www\\Chequito_AppD\\Chequito_AppD_Lab2\\app\\Views\\view.php')
 7 SYSTEMPATH\View\View.php(229): CodeIgniter\View\View->CodeIgniter\View\{closure}()
 8 SYSTEMPATH\Common.php(1188): CodeIgniter\View\View->render('view', [], true)
 9 APPPATH\Controllers\MainController.php(46): view('view', [...])
10 SYSTEMPATH\CodeIgniter.php(919): App\Controllers\MainController->view()
11 SYSTEMPATH\CodeIgniter.php(494): CodeIgniter\CodeIgniter->runController(Object(App\Controllers\MainController))
12 SYSTEMPATH\CodeIgniter.php(353): CodeIgniter\CodeIgniter->handleRequest(null, Object(Config\Cache), false)
13 FCPATH\index.php(79): CodeIgniter\CodeIgniter->run()
14 SYSTEMPATH\Commands\Server\rewrite.php(47): require_once('C:\\laragon\\www\\Chequito_AppD\\Chequito_AppD_Lab2\\public\\index.php')
CRITICAL - 2023-09-28 08:02:35 --> Undefined variable $item
in APPPATH\Views\views\playlist.php on line 19.
 1 APPPATH\Views\views\playlist.php(19): CodeIgniter\Debug\Exceptions->errorHandler(2, 'Undefined variable $item', 'C:\\laragon\\www\\Chequito_AppD\\Chequito_AppD_Lab2\\app\\Views\\views\\playlist.php', 19)
 2 SYSTEMPATH\View\View.php(226): include('C:\\laragon\\www\\Chequito_AppD\\Chequito_AppD_Lab2\\app\\Views\\views\\playlist.php')
 3 SYSTEMPATH\View\View.php(229): CodeIgniter\View\View->CodeIgniter\View\{closure}()
 4 SYSTEMPATH\View\View.php(467): CodeIgniter\View\View->render('views/playlist.php', null, true)
 5 APPPATH\Views\view.php(124): CodeIgniter\View\View->include('views/playlist.php')
 6 SYSTEMPATH\View\View.php(226): include('C:\\laragon\\www\\Chequito_AppD\\Chequito_AppD_Lab2\\app\\Views\\view.php')
 7 SYSTEMPATH\View\View.php(229): CodeIgniter\View\View->CodeIgniter\View\{closure}()
 8 SYSTEMPATH\Common.php(1188): CodeIgniter\View\View->render('view', [], true)
 9 APPPATH\Controllers\MainController.php(46): view('view', [...])
10 SYSTEMPATH\CodeIgniter.php(919): App\Controllers\MainController->view()
11 SYSTEMPATH\CodeIgniter.php(494): CodeIgniter\CodeIgniter->runController(Object(App\Controllers\MainController))
12 SYSTEMPATH\CodeIgniter.php(353): CodeIgniter\CodeIgniter->handleRequest(null, Object(Config\Cache), false)
13 FCPATH\index.php(79): CodeIgniter\CodeIgniter->run()
14 SYSTEMPATH\Commands\Server\rewrite.php(47): require_once('C:\\laragon\\www\\Chequito_AppD\\Chequito_AppD_Lab2\\public\\index.php')
CRITICAL - 2023-09-28 08:05:55 --> Call to a member function findAll() on null
in APPPATH\Controllers\MainController.php on line 44.
 1 SYSTEMPATH\CodeIgniter.php(919): App\Controllers\MainController->view()
 2 SYSTEMPATH\CodeIgniter.php(494): CodeIgniter\CodeIgniter->runController(Object(App\Controllers\MainController))
 3 SYSTEMPATH\CodeIgniter.php(353): CodeIgniter\CodeIgniter->handleRequest(null, Object(Config\Cache), false)
 4 FCPATH\index.php(79): CodeIgniter\CodeIgniter->run()
 5 SYSTEMPATH\Commands\Server\rewrite.php(47): require_once('C:\\laragon\\www\\Chequito_AppD\\Chequito_AppD_Lab2\\public\\index.php')
CRITICAL - 2023-09-28 08:05:58 --> Call to a member function findAll() on null
in APPPATH\Controllers\MainController.php on line 44.
 1 SYSTEMPATH\CodeIgniter.php(919): App\Controllers\MainController->view()
 2 SYSTEMPATH\CodeIgniter.php(494): CodeIgniter\CodeIgniter->runController(Object(App\Controllers\MainController))
 3 SYSTEMPATH\CodeIgniter.php(353): CodeIgniter\CodeIgniter->handleRequest(null, Object(Config\Cache), false)
 4 FCPATH\index.php(79): CodeIgniter\CodeIgniter->run()
 5 SYSTEMPATH\Commands\Server\rewrite.php(47): require_once('C:\\laragon\\www\\Chequito_AppD\\Chequito_AppD_Lab2\\public\\index.php')
CRITICAL - 2023-09-28 08:47:23 --> Undefined array key "name"
in APPPATH\Views\view.php on line 207.
 1 APPPATH\Views\view.php(207): CodeIgniter\Debug\Exceptions->errorHandler(2, 'Undefined array key "name"', 'C:\\laragon\\www\\Chequito_AppD\\Chequito_AppD_Lab2\\app\\Views\\view.php', 207)
 2 SYSTEMPATH\View\View.php(226): include('C:\\laragon\\www\\Chequito_AppD\\Chequito_AppD_Lab2\\app\\Views\\view.php')
 3 SYSTEMPATH\View\View.php(229): CodeIgniter\View\View->CodeIgniter\View\{closure}()
 4 SYSTEMPATH\Common.php(1188): CodeIgniter\View\View->render('view', [], true)
 5 APPPATH\Controllers\MainController.php(46): view('view', [...])
 6 SYSTEMPATH\CodeIgniter.php(919): App\Controllers\MainController->view()
 7 SYSTEMPATH\CodeIgniter.php(494): CodeIgniter\CodeIgniter->runController(Object(App\Controllers\MainController))
 8 SYSTEMPATH\CodeIgniter.php(353): CodeIgniter\CodeIgniter->handleRequest(null, Object(Config\Cache), false)
 9 FCPATH\index.php(79): CodeIgniter\CodeIgniter->run()
10 SYSTEMPATH\Commands\Server\rewrite.php(47): require_once('C:\\laragon\\www\\Chequito_AppD\\Chequito_AppD_Lab2\\public\\index.php')
CRITICAL - 2023-09-28 08:47:49 --> Undefined array key "name"
in APPPATH\Views\view.php on line 207.
 1 APPPATH\Views\view.php(207): CodeIgniter\Debug\Exceptions->errorHandler(2, 'Undefined array key "name"', 'C:\\laragon\\www\\Chequito_AppD\\Chequito_AppD_Lab2\\app\\Views\\view.php', 207)
 2 SYSTEMPATH\View\View.php(226): include('C:\\laragon\\www\\Chequito_AppD\\Chequito_AppD_Lab2\\app\\Views\\view.php')
 3 SYSTEMPATH\View\View.php(229): CodeIgniter\View\View->CodeIgniter\View\{closure}()
 4 SYSTEMPATH\Common.php(1188): CodeIgniter\View\View->render('view', [], true)
 5 APPPATH\Controllers\MainController.php(46): view('view', [...])
 6 SYSTEMPATH\CodeIgniter.php(919): App\Controllers\MainController->view()
 7 SYSTEMPATH\CodeIgniter.php(494): CodeIgniter\CodeIgniter->runController(Object(App\Controllers\MainController))
 8 SYSTEMPATH\CodeIgniter.php(353): CodeIgniter\CodeIgniter->handleRequest(null, Object(Config\Cache), false)
 9 FCPATH\index.php(79): CodeIgniter\CodeIgniter->run()
10 SYSTEMPATH\Commands\Server\rewrite.php(47): require_once('C:\\laragon\\www\\Chequito_AppD\\Chequito_AppD_Lab2\\public\\index.php')
CRITICAL - 2023-09-28 13:39:39 --> Undefined variable $item
in APPPATH\Views\view.php on line 247.
 1 APPPATH\Views\view.php(247): CodeIgniter\Debug\Exceptions->errorHandler(2, 'Undefined variable $item', 'C:\\laragon\\www\\Chequito_AppD\\Chequito_AppD_Lab2\\app\\Views\\view.php', 247)
 2 SYSTEMPATH\View\View.php(226): include('C:\\laragon\\www\\Chequito_AppD\\Chequito_AppD_Lab2\\app\\Views\\view.php')
 3 SYSTEMPATH\View\View.php(229): CodeIgniter\View\View->CodeIgniter\View\{closure}()
 4 SYSTEMPATH\Common.php(1188): CodeIgniter\View\View->render('view', [], true)
 5 APPPATH\Controllers\MainController.php(27): view('view', [...])
 6 SYSTEMPATH\CodeIgniter.php(919): App\Controllers\MainController->view()
 7 SYSTEMPATH\CodeIgniter.php(494): CodeIgniter\CodeIgniter->runController(Object(App\Controllers\MainController))
 8 SYSTEMPATH\CodeIgniter.php(353): CodeIgniter\CodeIgniter->handleRequest(null, Object(Config\Cache), false)
 9 FCPATH\index.php(79): CodeIgniter\CodeIgniter->run()
10 SYSTEMPATH\Commands\Server\rewrite.php(47): require_once('C:\\laragon\\www\\Chequito_AppD\\Chequito_AppD_Lab2\\public\\index.php')
CRITICAL - 2023-09-28 14:07:41 --> Undefined variable $music
in APPPATH\Views\view.php on line 218.
 1 APPPATH\Views\view.php(218): CodeIgniter\Debug\Exceptions->errorHandler(2, 'Undefined variable $music', 'C:\\laragon\\www\\Chequito_AppD\\Chequito_AppD_Lab2\\app\\Views\\view.php', 218)
 2 SYSTEMPATH\View\View.php(226): include('C:\\laragon\\www\\Chequito_AppD\\Chequito_AppD_Lab2\\app\\Views\\view.php')
 3 SYSTEMPATH\View\View.php(229): CodeIgniter\View\View->CodeIgniter\View\{closure}()
 4 SYSTEMPATH\Common.php(1188): CodeIgniter\View\View->render('view', [], true)
 5 APPPATH\Controllers\MainController.php(29): view('view', [...])
 6 SYSTEMPATH\CodeIgniter.php(919): App\Controllers\MainController->view()
 7 SYSTEMPATH\CodeIgniter.php(494): CodeIgniter\CodeIgniter->runController(Object(App\Controllers\MainController))
 8 SYSTEMPATH\CodeIgniter.php(353): CodeIgniter\CodeIgniter->handleRequest(null, Object(Config\Cache), false)
 9 FCPATH\index.php(79): CodeIgniter\CodeIgniter->run()
10 SYSTEMPATH\Commands\Server\rewrite.php(47): require_once('C:\\laragon\\www\\Chequito_AppD\\Chequito_AppD_Lab2\\public\\index.php')
