CRITICAL - 2023-09-26 05:16:21 --> Undefined variable $song
in APPPATH\Views\view.php on line 228.
 1 APPPATH\Views\view.php(228): CodeIgniter\Debug\Exceptions->errorHandler(2, 'Undefined variable $song', 'C:\\laragon\\www\\Chequito_AppD\\Chequito_AppD_Lab2\\app\\Views\\view.php', 228)
 2 SYSTEMPATH\View\View.php(226): include('C:\\laragon\\www\\Chequito_AppD\\Chequito_AppD_Lab2\\app\\Views\\view.php')
 3 SYSTEMPATH\View\View.php(229): CodeIgniter\View\View->CodeIgniter\View\{closure}()
 4 SYSTEMPATH\Common.php(1188): CodeIgniter\View\View->render('view', [], true)
 5 APPPATH\Controllers\MainController.php(64): view('view', [...])
 6 SYSTEMPATH\CodeIgniter.php(919): App\Controllers\MainController->view()
 7 SYSTEMPATH\CodeIgniter.php(494): CodeIgniter\CodeIgniter->runController(Object(App\Controllers\MainController))
 8 SYSTEMPATH\CodeIgniter.php(353): CodeIgniter\CodeIgniter->handleRequest(null, Object(Config\Cache), false)
 9 FCPATH\index.php(79): CodeIgniter\CodeIgniter->run()
10 SYSTEMPATH\Commands\Server\rewrite.php(47): require_once('C:\\laragon\\www\\Chequito_AppD\\Chequito_AppD_Lab2\\public\\index.php')
CRITICAL - 2023-09-26 05:16:53 --> Undefined variable $song
in APPPATH\Views\view.php on line 228.
 1 APPPATH\Views\view.php(228): CodeIgniter\Debug\Exceptions->errorHandler(2, 'Undefined variable $song', 'C:\\laragon\\www\\Chequito_AppD\\Chequito_AppD_Lab2\\app\\Views\\view.php', 228)
 2 SYSTEMPATH\View\View.php(226): include('C:\\laragon\\www\\Chequito_AppD\\Chequito_AppD_Lab2\\app\\Views\\view.php')
 3 SYSTEMPATH\View\View.php(229): CodeIgniter\View\View->CodeIgniter\View\{closure}()
 4 SYSTEMPATH\Common.php(1188): CodeIgniter\View\View->render('view', [], true)
 5 APPPATH\Controllers\MainController.php(64): view('view', [...])
 6 SYSTEMPATH\CodeIgniter.php(919): App\Controllers\MainController->view()
 7 SYSTEMPATH\CodeIgniter.php(494): CodeIgniter\CodeIgniter->runController(Object(App\Controllers\MainController))
 8 SYSTEMPATH\CodeIgniter.php(353): CodeIgniter\CodeIgniter->handleRequest(null, Object(Config\Cache), false)
 9 FCPATH\index.php(79): CodeIgniter\CodeIgniter->run()
10 SYSTEMPATH\Commands\Server\rewrite.php(47): require_once('C:\\laragon\\www\\Chequito_AppD\\Chequito_AppD_Lab2\\public\\index.php')
CRITICAL - 2023-09-26 05:19:35 --> Call to a member function insert() on null
in APPPATH\Controllers\MainController.php on line 30.
 1 SYSTEMPATH\CodeIgniter.php(919): App\Controllers\MainController->addsong()
 2 SYSTEMPATH\CodeIgniter.php(494): CodeIgniter\CodeIgniter->runController(Object(App\Controllers\MainController))
 3 SYSTEMPATH\CodeIgniter.php(353): CodeIgniter\CodeIgniter->handleRequest(null, Object(Config\Cache), false)
 4 FCPATH\index.php(79): CodeIgniter\CodeIgniter->run()
 5 SYSTEMPATH\Commands\Server\rewrite.php(47): require_once('C:\\laragon\\www\\Chequito_AppD\\Chequito_AppD_Lab2\\public\\index.php')
CRITICAL - 2023-09-26 06:00:10 --> Invalid file: "views/myplaylist.php"
in SYSTEMPATH\Exceptions\FrameworkException.php on line 39.
 1 SYSTEMPATH\View\View.php(214): CodeIgniter\Exceptions\FrameworkException::forInvalidFile('views/myplaylist.php')
 2 SYSTEMPATH\View\View.php(467): CodeIgniter\View\View->render('views/myplaylist.php', null, true)
 3 APPPATH\Views\view.php(19): CodeIgniter\View\View->include('views/myplaylist.php')
 4 SYSTEMPATH\View\View.php(226): include('C:\\laragon\\www\\Chequito_AppD\\Chequito_AppD_Lab2\\app\\Views\\view.php')
 5 SYSTEMPATH\View\View.php(229): CodeIgniter\View\View->CodeIgniter\View\{closure}()
 6 SYSTEMPATH\Common.php(1188): CodeIgniter\View\View->render('view', [], true)
 7 APPPATH\Controllers\MainController.php(64): view('view', [...])
 8 SYSTEMPATH\CodeIgniter.php(919): App\Controllers\MainController->view()
 9 SYSTEMPATH\CodeIgniter.php(494): CodeIgniter\CodeIgniter->runController(Object(App\Controllers\MainController))
10 SYSTEMPATH\CodeIgniter.php(353): CodeIgniter\CodeIgniter->handleRequest(null, Object(Config\Cache), false)
11 FCPATH\index.php(79): CodeIgniter\CodeIgniter->run()
12 SYSTEMPATH\Commands\Server\rewrite.php(47): require_once('C:\\laragon\\www\\Chequito_AppD\\Chequito_AppD_Lab2\\public\\index.php')
CRITICAL - 2023-09-26 06:13:29 --> Invalid file: "views/laylist.php"
in SYSTEMPATH\Exceptions\FrameworkException.php on line 39.
 1 SYSTEMPATH\View\View.php(214): CodeIgniter\Exceptions\FrameworkException::forInvalidFile('views/laylist.php')
 2 SYSTEMPATH\View\View.php(467): CodeIgniter\View\View->render('views/laylist.php', null, true)
 3 APPPATH\Views\view.php(26): CodeIgniter\View\View->include('views/laylist.php')
 4 SYSTEMPATH\View\View.php(226): include('C:\\laragon\\www\\Chequito_AppD\\Chequito_AppD_Lab2\\app\\Views\\view.php')
 5 SYSTEMPATH\View\View.php(229): CodeIgniter\View\View->CodeIgniter\View\{closure}()
 6 SYSTEMPATH\Common.php(1188): CodeIgniter\View\View->render('view', [], true)
 7 APPPATH\Controllers\MainController.php(64): view('view', [...])
 8 SYSTEMPATH\CodeIgniter.php(919): App\Controllers\MainController->view()
 9 SYSTEMPATH\CodeIgniter.php(494): CodeIgniter\CodeIgniter->runController(Object(App\Controllers\MainController))
10 SYSTEMPATH\CodeIgniter.php(353): CodeIgniter\CodeIgniter->handleRequest(null, Object(Config\Cache), false)
11 FCPATH\index.php(79): CodeIgniter\CodeIgniter->run()
12 SYSTEMPATH\Commands\Server\rewrite.php(47): require_once('C:\\laragon\\www\\Chequito_AppD\\Chequito_AppD_Lab2\\public\\index.php')
CRITICAL - 2023-09-26 06:13:36 --> Invalid file: "views/laylist.php"
in SYSTEMPATH\Exceptions\FrameworkException.php on line 39.
 1 SYSTEMPATH\View\View.php(214): CodeIgniter\Exceptions\FrameworkException::forInvalidFile('views/laylist.php')
 2 SYSTEMPATH\View\View.php(467): CodeIgniter\View\View->render('views/laylist.php', null, true)
 3 APPPATH\Views\view.php(26): CodeIgniter\View\View->include('views/laylist.php')
 4 SYSTEMPATH\View\View.php(226): include('C:\\laragon\\www\\Chequito_AppD\\Chequito_AppD_Lab2\\app\\Views\\view.php')
 5 SYSTEMPATH\View\View.php(229): CodeIgniter\View\View->CodeIgniter\View\{closure}()
 6 SYSTEMPATH\Common.php(1188): CodeIgniter\View\View->render('view', [], true)
 7 APPPATH\Controllers\MainController.php(64): view('view', [...])
 8 SYSTEMPATH\CodeIgniter.php(919): App\Controllers\MainController->view()
 9 SYSTEMPATH\CodeIgniter.php(494): CodeIgniter\CodeIgniter->runController(Object(App\Controllers\MainController))
10 SYSTEMPATH\CodeIgniter.php(353): CodeIgniter\CodeIgniter->handleRequest(null, Object(Config\Cache), false)
11 FCPATH\index.php(79): CodeIgniter\CodeIgniter->run()
12 SYSTEMPATH\Commands\Server\rewrite.php(47): require_once('C:\\laragon\\www\\Chequito_AppD\\Chequito_AppD_Lab2\\public\\index.php')
CRITICAL - 2023-09-26 06:16:01 --> Invalid file: "views/laylist.php"
in SYSTEMPATH\Exceptions\FrameworkException.php on line 39.
 1 SYSTEMPATH\View\View.php(214): CodeIgniter\Exceptions\FrameworkException::forInvalidFile('views/laylist.php')
 2 SYSTEMPATH\View\View.php(467): CodeIgniter\View\View->render('views/laylist.php', null, true)
 3 APPPATH\Views\view.php(26): CodeIgniter\View\View->include('views/laylist.php')
 4 SYSTEMPATH\View\View.php(226): include('C:\\laragon\\www\\Chequito_AppD\\Chequito_AppD_Lab2\\app\\Views\\view.php')
 5 SYSTEMPATH\View\View.php(229): CodeIgniter\View\View->CodeIgniter\View\{closure}()
 6 SYSTEMPATH\Common.php(1188): CodeIgniter\View\View->render('view', [], true)
 7 APPPATH\Controllers\MainController.php(64): view('view', [...])
 8 SYSTEMPATH\CodeIgniter.php(919): App\Controllers\MainController->view()
 9 SYSTEMPATH\CodeIgniter.php(494): CodeIgniter\CodeIgniter->runController(Object(App\Controllers\MainController))
10 SYSTEMPATH\CodeIgniter.php(353): CodeIgniter\CodeIgniter->handleRequest(null, Object(Config\Cache), false)
11 FCPATH\index.php(79): CodeIgniter\CodeIgniter->run()
12 SYSTEMPATH\Commands\Server\rewrite.php(47): require_once('C:\\laragon\\www\\Chequito_AppD\\Chequito_AppD_Lab2\\public\\index.php')
CRITICAL - 2023-09-26 06:24:39 --> Call to a member function insert() on null
in APPPATH\Controllers\MainController.php on line 30.
 1 SYSTEMPATH\CodeIgniter.php(919): App\Controllers\MainController->addsong()
 2 SYSTEMPATH\CodeIgniter.php(494): CodeIgniter\CodeIgniter->runController(Object(App\Controllers\MainController))
 3 SYSTEMPATH\CodeIgniter.php(353): CodeIgniter\CodeIgniter->handleRequest(null, Object(Config\Cache), false)
 4 FCPATH\index.php(79): CodeIgniter\CodeIgniter->run()
 5 SYSTEMPATH\Commands\Server\rewrite.php(47): require_once('C:\\laragon\\www\\Chequito_AppD\\Chequito_AppD_Lab2\\public\\index.php')
CRITICAL - 2023-09-26 06:25:59 --> Call to a member function findAll() on null
in APPPATH\Controllers\MainController.php on line 62.
 1 SYSTEMPATH\CodeIgniter.php(919): App\Controllers\MainController->view()
 2 SYSTEMPATH\CodeIgniter.php(494): CodeIgniter\CodeIgniter->runController(Object(App\Controllers\MainController))
 3 SYSTEMPATH\CodeIgniter.php(353): CodeIgniter\CodeIgniter->handleRequest(null, Object(Config\Cache), false)
 4 FCPATH\index.php(79): CodeIgniter\CodeIgniter->run()
 5 SYSTEMPATH\Commands\Server\rewrite.php(47): require_once('C:\\laragon\\www\\Chequito_AppD\\Chequito_AppD_Lab2\\public\\index.php')
CRITICAL - 2023-09-26 06:28:22 --> Call to a member function getName() on null
in APPPATH\Controllers\MainController.php on line 22.
 1 SYSTEMPATH\CodeIgniter.php(919): App\Controllers\MainController->addsong()
 2 SYSTEMPATH\CodeIgniter.php(494): CodeIgniter\CodeIgniter->runController(Object(App\Controllers\MainController))
 3 SYSTEMPATH\CodeIgniter.php(353): CodeIgniter\CodeIgniter->handleRequest(null, Object(Config\Cache), false)
 4 FCPATH\index.php(79): CodeIgniter\CodeIgniter->run()
 5 SYSTEMPATH\Commands\Server\rewrite.php(47): require_once('C:\\laragon\\www\\Chequito_AppD\\Chequito_AppD_Lab2\\public\\index.php')
CRITICAL - 2023-09-26 06:30:21 --> Call to a member function getName() on null
in APPPATH\Controllers\MainController.php on line 22.
 1 SYSTEMPATH\CodeIgniter.php(919): App\Controllers\MainController->addsong()
 2 SYSTEMPATH\CodeIgniter.php(494): CodeIgniter\CodeIgniter->runController(Object(App\Controllers\MainController))
 3 SYSTEMPATH\CodeIgniter.php(353): CodeIgniter\CodeIgniter->handleRequest(null, Object(Config\Cache), false)
 4 FCPATH\index.php(79): CodeIgniter\CodeIgniter->run()
 5 SYSTEMPATH\Commands\Server\rewrite.php(47): require_once('C:\\laragon\\www\\Chequito_AppD\\Chequito_AppD_Lab2\\public\\index.php')
CRITICAL - 2023-09-26 06:30:43 --> Call to a member function getName() on null
in APPPATH\Controllers\MainController.php on line 22.
 1 SYSTEMPATH\CodeIgniter.php(919): App\Controllers\MainController->addsong()
 2 SYSTEMPATH\CodeIgniter.php(494): CodeIgniter\CodeIgniter->runController(Object(App\Controllers\MainController))
 3 SYSTEMPATH\CodeIgniter.php(353): CodeIgniter\CodeIgniter->handleRequest(null, Object(Config\Cache), false)
 4 FCPATH\index.php(79): CodeIgniter\CodeIgniter->run()
 5 SYSTEMPATH\Commands\Server\rewrite.php(47): require_once('C:\\laragon\\www\\Chequito_AppD\\Chequito_AppD_Lab2\\public\\index.php')
CRITICAL - 2023-09-26 06:33:00 --> Call to a member function insert() on null
in APPPATH\Controllers\MainController.php on line 30.
 1 SYSTEMPATH\CodeIgniter.php(919): App\Controllers\MainController->addsong()
 2 SYSTEMPATH\CodeIgniter.php(494): CodeIgniter\CodeIgniter->runController(Object(App\Controllers\MainController))
 3 SYSTEMPATH\CodeIgniter.php(353): CodeIgniter\CodeIgniter->handleRequest(null, Object(Config\Cache), false)
 4 FCPATH\index.php(79): CodeIgniter\CodeIgniter->run()
 5 SYSTEMPATH\Commands\Server\rewrite.php(47): require_once('C:\\laragon\\www\\Chequito_AppD\\Chequito_AppD_Lab2\\public\\index.php')
CRITICAL - 2023-09-26 06:34:27 --> Call to a member function insert() on null
in APPPATH\Controllers\MainController.php on line 30.
 1 SYSTEMPATH\CodeIgniter.php(919): App\Controllers\MainController->addsong()
 2 SYSTEMPATH\CodeIgniter.php(494): CodeIgniter\CodeIgniter->runController(Object(App\Controllers\MainController))
 3 SYSTEMPATH\CodeIgniter.php(353): CodeIgniter\CodeIgniter->handleRequest(null, Object(Config\Cache), false)
 4 FCPATH\index.php(79): CodeIgniter\CodeIgniter->run()
 5 SYSTEMPATH\Commands\Server\rewrite.php(47): require_once('C:\\laragon\\www\\Chequito_AppD\\Chequito_AppD_Lab2\\public\\index.php')
CRITICAL - 2023-09-26 06:34:48 --> Call to a member function insert() on null
in APPPATH\Controllers\MainController.php on line 30.
 1 SYSTEMPATH\CodeIgniter.php(919): App\Controllers\MainController->addsong()
 2 SYSTEMPATH\CodeIgniter.php(494): CodeIgniter\CodeIgniter->runController(Object(App\Controllers\MainController))
 3 SYSTEMPATH\CodeIgniter.php(353): CodeIgniter\CodeIgniter->handleRequest(null, Object(Config\Cache), false)
 4 FCPATH\index.php(79): CodeIgniter\CodeIgniter->run()
 5 SYSTEMPATH\Commands\Server\rewrite.php(47): require_once('C:\\laragon\\www\\Chequito_AppD\\Chequito_AppD_Lab2\\public\\index.php')
CRITICAL - 2023-09-26 06:36:53 --> Call to a member function insert() on null
in APPPATH\Controllers\MainController.php on line 61.
 1 SYSTEMPATH\CodeIgniter.php(919): App\Controllers\MainController->addsong()
 2 SYSTEMPATH\CodeIgniter.php(494): CodeIgniter\CodeIgniter->runController(Object(App\Controllers\MainController))
 3 SYSTEMPATH\CodeIgniter.php(353): CodeIgniter\CodeIgniter->handleRequest(null, Object(Config\Cache), false)
 4 FCPATH\index.php(79): CodeIgniter\CodeIgniter->run()
 5 SYSTEMPATH\Commands\Server\rewrite.php(47): require_once('C:\\laragon\\www\\Chequito_AppD\\Chequito_AppD_Lab2\\public\\index.php')
CRITICAL - 2023-09-26 06:37:36 --> Call to a member function insert() on null
in APPPATH\Controllers\MainController.php on line 61.
 1 SYSTEMPATH\CodeIgniter.php(919): App\Controllers\MainController->addsong()
 2 SYSTEMPATH\CodeIgniter.php(494): CodeIgniter\CodeIgniter->runController(Object(App\Controllers\MainController))
 3 SYSTEMPATH\CodeIgniter.php(353): CodeIgniter\CodeIgniter->handleRequest(null, Object(Config\Cache), false)
 4 FCPATH\index.php(79): CodeIgniter\CodeIgniter->run()
 5 SYSTEMPATH\Commands\Server\rewrite.php(47): require_once('C:\\laragon\\www\\Chequito_AppD\\Chequito_AppD_Lab2\\public\\index.php')
CRITICAL - 2023-09-26 06:48:03 --> Undefined property: App\Controllers\MainController::$load
in APPPATH\Controllers\MainController.php on line 39.
 1 APPPATH\Controllers\MainController.php(39): CodeIgniter\Debug\Exceptions->errorHandler(2, 'Undefined property: App\\Controllers\\MainController::$load', 'C:\\laragon\\www\\Chequito_AppD\\Chequito_AppD_Lab2\\app\\Controllers\\MainController.php', 39)
 2 SYSTEMPATH\CodeIgniter.php(919): App\Controllers\MainController->addsong()
 3 SYSTEMPATH\CodeIgniter.php(494): CodeIgniter\CodeIgniter->runController(Object(App\Controllers\MainController))
 4 SYSTEMPATH\CodeIgniter.php(353): CodeIgniter\CodeIgniter->handleRequest(null, Object(Config\Cache), false)
 5 FCPATH\index.php(79): CodeIgniter\CodeIgniter->run()
 6 SYSTEMPATH\Commands\Server\rewrite.php(47): require_once('C:\\laragon\\www\\Chequito_AppD\\Chequito_AppD_Lab2\\public\\index.php')
CRITICAL - 2023-09-26 06:53:23 --> Call to a member function insert() on null
in APPPATH\Controllers\MainController.php on line 61.
 1 SYSTEMPATH\CodeIgniter.php(919): App\Controllers\MainController->addsong()
 2 SYSTEMPATH\CodeIgniter.php(494): CodeIgniter\CodeIgniter->runController(Object(App\Controllers\MainController))
 3 SYSTEMPATH\CodeIgniter.php(353): CodeIgniter\CodeIgniter->handleRequest(null, Object(Config\Cache), false)
 4 FCPATH\index.php(79): CodeIgniter\CodeIgniter->run()
 5 SYSTEMPATH\Commands\Server\rewrite.php(47): require_once('C:\\laragon\\www\\Chequito_AppD\\Chequito_AppD_Lab2\\public\\index.php')
CRITICAL - 2023-09-26 06:57:40 --> Call to a member function insert() on null
in APPPATH\Controllers\MainController.php on line 61.
 1 SYSTEMPATH\CodeIgniter.php(919): App\Controllers\MainController->addsong()
 2 SYSTEMPATH\CodeIgniter.php(494): CodeIgniter\CodeIgniter->runController(Object(App\Controllers\MainController))
 3 SYSTEMPATH\CodeIgniter.php(353): CodeIgniter\CodeIgniter->handleRequest(null, Object(Config\Cache), false)
 4 FCPATH\index.php(79): CodeIgniter\CodeIgniter->run()
 5 SYSTEMPATH\Commands\Server\rewrite.php(47): require_once('C:\\laragon\\www\\Chequito_AppD\\Chequito_AppD_Lab2\\public\\index.php')
CRITICAL - 2023-09-26 06:57:52 --> Call to a member function insert() on null
in APPPATH\Controllers\MainController.php on line 61.
 1 SYSTEMPATH\CodeIgniter.php(919): App\Controllers\MainController->addsong()
 2 SYSTEMPATH\CodeIgniter.php(494): CodeIgniter\CodeIgniter->runController(Object(App\Controllers\MainController))
 3 SYSTEMPATH\CodeIgniter.php(353): CodeIgniter\CodeIgniter->handleRequest(null, Object(Config\Cache), false)
 4 FCPATH\index.php(79): CodeIgniter\CodeIgniter->run()
 5 SYSTEMPATH\Commands\Server\rewrite.php(47): require_once('C:\\laragon\\www\\Chequito_AppD\\Chequito_AppD_Lab2\\public\\index.php')
CRITICAL - 2023-09-26 06:59:06 --> Call to a member function insert() on null
in APPPATH\Controllers\MainController.php on line 61.
 1 SYSTEMPATH\CodeIgniter.php(919): App\Controllers\MainController->addsong()
 2 SYSTEMPATH\CodeIgniter.php(494): CodeIgniter\CodeIgniter->runController(Object(App\Controllers\MainController))
 3 SYSTEMPATH\CodeIgniter.php(353): CodeIgniter\CodeIgniter->handleRequest(null, Object(Config\Cache), false)
 4 FCPATH\index.php(79): CodeIgniter\CodeIgniter->run()
 5 SYSTEMPATH\Commands\Server\rewrite.php(47): require_once('C:\\laragon\\www\\Chequito_AppD\\Chequito_AppD_Lab2\\public\\index.php')
CRITICAL - 2023-09-26 06:59:53 --> Undefined variable $song
in APPPATH\Views\views\mainview.php on line 13.
 1 APPPATH\Views\views\mainview.php(13): CodeIgniter\Debug\Exceptions->errorHandler(2, 'Undefined variable $song', 'C:\\laragon\\www\\Chequito_AppD\\Chequito_AppD_Lab2\\app\\Views\\views\\mainview.php', 13)
 2 SYSTEMPATH\View\View.php(226): include('C:\\laragon\\www\\Chequito_AppD\\Chequito_AppD_Lab2\\app\\Views\\views\\mainview.php')
 3 SYSTEMPATH\View\View.php(229): CodeIgniter\View\View->CodeIgniter\View\{closure}()
 4 SYSTEMPATH\View\View.php(467): CodeIgniter\View\View->render('views/mainview.php', null, true)
 5 APPPATH\Views\view.php(22): CodeIgniter\View\View->include('views/mainview.php')
 6 SYSTEMPATH\View\View.php(226): include('C:\\laragon\\www\\Chequito_AppD\\Chequito_AppD_Lab2\\app\\Views\\view.php')
 7 SYSTEMPATH\View\View.php(229): CodeIgniter\View\View->CodeIgniter\View\{closure}()
 8 SYSTEMPATH\Common.php(1188): CodeIgniter\View\View->render('view', [], true)
 9 APPPATH\Controllers\MainController.php(103): view('view', [...])
10 SYSTEMPATH\CodeIgniter.php(919): App\Controllers\MainController->view()
11 SYSTEMPATH\CodeIgniter.php(494): CodeIgniter\CodeIgniter->runController(Object(App\Controllers\MainController))
12 SYSTEMPATH\CodeIgniter.php(353): CodeIgniter\CodeIgniter->handleRequest(null, Object(Config\Cache), false)
13 FCPATH\index.php(79): CodeIgniter\CodeIgniter->run()
14 SYSTEMPATH\Commands\Server\rewrite.php(47): require_once('C:\\laragon\\www\\Chequito_AppD\\Chequito_AppD_Lab2\\public\\index.php')
CRITICAL - 2023-09-26 07:00:10 --> Undefined variable $song
in APPPATH\Views\views\mainview.php on line 13.
 1 APPPATH\Views\views\mainview.php(13): CodeIgniter\Debug\Exceptions->errorHandler(2, 'Undefined variable $song', 'C:\\laragon\\www\\Chequito_AppD\\Chequito_AppD_Lab2\\app\\Views\\views\\mainview.php', 13)
 2 SYSTEMPATH\View\View.php(226): include('C:\\laragon\\www\\Chequito_AppD\\Chequito_AppD_Lab2\\app\\Views\\views\\mainview.php')
 3 SYSTEMPATH\View\View.php(229): CodeIgniter\View\View->CodeIgniter\View\{closure}()
 4 SYSTEMPATH\View\View.php(467): CodeIgniter\View\View->render('views/mainview.php', null, true)
 5 APPPATH\Views\view.php(22): CodeIgniter\View\View->include('views/mainview.php')
 6 SYSTEMPATH\View\View.php(226): include('C:\\laragon\\www\\Chequito_AppD\\Chequito_AppD_Lab2\\app\\Views\\view.php')
 7 SYSTEMPATH\View\View.php(229): CodeIgniter\View\View->CodeIgniter\View\{closure}()
 8 SYSTEMPATH\Common.php(1188): CodeIgniter\View\View->render('view', [], true)
 9 APPPATH\Controllers\MainController.php(103): view('view', [...])
10 SYSTEMPATH\CodeIgniter.php(919): App\Controllers\MainController->view()
11 SYSTEMPATH\CodeIgniter.php(494): CodeIgniter\CodeIgniter->runController(Object(App\Controllers\MainController))
12 SYSTEMPATH\CodeIgniter.php(353): CodeIgniter\CodeIgniter->handleRequest(null, Object(Config\Cache), false)
13 FCPATH\index.php(79): CodeIgniter\CodeIgniter->run()
14 SYSTEMPATH\Commands\Server\rewrite.php(47): require_once('C:\\laragon\\www\\Chequito_AppD\\Chequito_AppD_Lab2\\public\\index.php')
CRITICAL - 2023-09-26 07:00:14 --> Undefined variable $song
in APPPATH\Views\views\mainview.php on line 13.
 1 APPPATH\Views\views\mainview.php(13): CodeIgniter\Debug\Exceptions->errorHandler(2, 'Undefined variable $song', 'C:\\laragon\\www\\Chequito_AppD\\Chequito_AppD_Lab2\\app\\Views\\views\\mainview.php', 13)
 2 SYSTEMPATH\View\View.php(226): include('C:\\laragon\\www\\Chequito_AppD\\Chequito_AppD_Lab2\\app\\Views\\views\\mainview.php')
 3 SYSTEMPATH\View\View.php(229): CodeIgniter\View\View->CodeIgniter\View\{closure}()
 4 SYSTEMPATH\View\View.php(467): CodeIgniter\View\View->render('views/mainview.php', null, true)
 5 APPPATH\Views\view.php(22): CodeIgniter\View\View->include('views/mainview.php')
 6 SYSTEMPATH\View\View.php(226): include('C:\\laragon\\www\\Chequito_AppD\\Chequito_AppD_Lab2\\app\\Views\\view.php')
 7 SYSTEMPATH\View\View.php(229): CodeIgniter\View\View->CodeIgniter\View\{closure}()
 8 SYSTEMPATH\Common.php(1188): CodeIgniter\View\View->render('view', [], true)
 9 APPPATH\Controllers\MainController.php(103): view('view', [...])
10 SYSTEMPATH\CodeIgniter.php(919): App\Controllers\MainController->view()
11 SYSTEMPATH\CodeIgniter.php(494): CodeIgniter\CodeIgniter->runController(Object(App\Controllers\MainController))
12 SYSTEMPATH\CodeIgniter.php(353): CodeIgniter\CodeIgniter->handleRequest(null, Object(Config\Cache), false)
13 FCPATH\index.php(79): CodeIgniter\CodeIgniter->run()
14 SYSTEMPATH\Commands\Server\rewrite.php(47): require_once('C:\\laragon\\www\\Chequito_AppD\\Chequito_AppD_Lab2\\public\\index.php')
CRITICAL - 2023-09-26 07:00:18 --> Undefined variable $song
in APPPATH\Views\views\mainview.php on line 13.
 1 APPPATH\Views\views\mainview.php(13): CodeIgniter\Debug\Exceptions->errorHandler(2, 'Undefined variable $song', 'C:\\laragon\\www\\Chequito_AppD\\Chequito_AppD_Lab2\\app\\Views\\views\\mainview.php', 13)
 2 SYSTEMPATH\View\View.php(226): include('C:\\laragon\\www\\Chequito_AppD\\Chequito_AppD_Lab2\\app\\Views\\views\\mainview.php')
 3 SYSTEMPATH\View\View.php(229): CodeIgniter\View\View->CodeIgniter\View\{closure}()
 4 SYSTEMPATH\View\View.php(467): CodeIgniter\View\View->render('views/mainview.php', null, true)
 5 APPPATH\Views\view.php(22): CodeIgniter\View\View->include('views/mainview.php')
 6 SYSTEMPATH\View\View.php(226): include('C:\\laragon\\www\\Chequito_AppD\\Chequito_AppD_Lab2\\app\\Views\\view.php')
 7 SYSTEMPATH\View\View.php(229): CodeIgniter\View\View->CodeIgniter\View\{closure}()
 8 SYSTEMPATH\Common.php(1188): CodeIgniter\View\View->render('view', [], true)
 9 APPPATH\Controllers\MainController.php(103): view('view', [...])
10 SYSTEMPATH\CodeIgniter.php(919): App\Controllers\MainController->view()
11 SYSTEMPATH\CodeIgniter.php(494): CodeIgniter\CodeIgniter->runController(Object(App\Controllers\MainController))
12 SYSTEMPATH\CodeIgniter.php(353): CodeIgniter\CodeIgniter->handleRequest(null, Object(Config\Cache), false)
13 FCPATH\index.php(79): CodeIgniter\CodeIgniter->run()
14 SYSTEMPATH\Commands\Server\rewrite.php(47): require_once('C:\\laragon\\www\\Chequito_AppD\\Chequito_AppD_Lab2\\public\\index.php')
CRITICAL - 2023-09-26 07:00:25 --> Undefined variable $song
in APPPATH\Views\views\mainview.php on line 13.
 1 APPPATH\Views\views\mainview.php(13): CodeIgniter\Debug\Exceptions->errorHandler(2, 'Undefined variable $song', 'C:\\laragon\\www\\Chequito_AppD\\Chequito_AppD_Lab2\\app\\Views\\views\\mainview.php', 13)
 2 SYSTEMPATH\View\View.php(226): include('C:\\laragon\\www\\Chequito_AppD\\Chequito_AppD_Lab2\\app\\Views\\views\\mainview.php')
 3 SYSTEMPATH\View\View.php(229): CodeIgniter\View\View->CodeIgniter\View\{closure}()
 4 SYSTEMPATH\View\View.php(467): CodeIgniter\View\View->render('views/mainview.php', null, true)
 5 APPPATH\Views\view.php(22): CodeIgniter\View\View->include('views/mainview.php')
 6 SYSTEMPATH\View\View.php(226): include('C:\\laragon\\www\\Chequito_AppD\\Chequito_AppD_Lab2\\app\\Views\\view.php')
 7 SYSTEMPATH\View\View.php(229): CodeIgniter\View\View->CodeIgniter\View\{closure}()
 8 SYSTEMPATH\Common.php(1188): CodeIgniter\View\View->render('view', [], true)
 9 APPPATH\Controllers\MainController.php(103): view('view', [...])
10 SYSTEMPATH\CodeIgniter.php(919): App\Controllers\MainController->view()
11 SYSTEMPATH\CodeIgniter.php(494): CodeIgniter\CodeIgniter->runController(Object(App\Controllers\MainController))
12 SYSTEMPATH\CodeIgniter.php(353): CodeIgniter\CodeIgniter->handleRequest(null, Object(Config\Cache), false)
13 FCPATH\index.php(79): CodeIgniter\CodeIgniter->run()
14 SYSTEMPATH\Commands\Server\rewrite.php(47): require_once('C:\\laragon\\www\\Chequito_AppD\\Chequito_AppD_Lab2\\public\\index.php')
CRITICAL - 2023-09-26 07:00:39 --> Undefined variable $song
in APPPATH\Views\views\mainview.php on line 13.
 1 APPPATH\Views\views\mainview.php(13): CodeIgniter\Debug\Exceptions->errorHandler(2, 'Undefined variable $song', 'C:\\laragon\\www\\Chequito_AppD\\Chequito_AppD_Lab2\\app\\Views\\views\\mainview.php', 13)
 2 SYSTEMPATH\View\View.php(226): include('C:\\laragon\\www\\Chequito_AppD\\Chequito_AppD_Lab2\\app\\Views\\views\\mainview.php')
 3 SYSTEMPATH\View\View.php(229): CodeIgniter\View\View->CodeIgniter\View\{closure}()
 4 SYSTEMPATH\View\View.php(467): CodeIgniter\View\View->render('views/mainview.php', null, true)
 5 APPPATH\Views\view.php(22): CodeIgniter\View\View->include('views/mainview.php')
 6 SYSTEMPATH\View\View.php(226): include('C:\\laragon\\www\\Chequito_AppD\\Chequito_AppD_Lab2\\app\\Views\\view.php')
 7 SYSTEMPATH\View\View.php(229): CodeIgniter\View\View->CodeIgniter\View\{closure}()
 8 SYSTEMPATH\Common.php(1188): CodeIgniter\View\View->render('view', [], true)
 9 APPPATH\Controllers\MainController.php(103): view('view', [...])
10 SYSTEMPATH\CodeIgniter.php(919): App\Controllers\MainController->view()
11 SYSTEMPATH\CodeIgniter.php(494): CodeIgniter\CodeIgniter->runController(Object(App\Controllers\MainController))
12 SYSTEMPATH\CodeIgniter.php(353): CodeIgniter\CodeIgniter->handleRequest(null, Object(Config\Cache), false)
13 FCPATH\index.php(79): CodeIgniter\CodeIgniter->run()
14 SYSTEMPATH\Commands\Server\rewrite.php(47): require_once('C:\\laragon\\www\\Chequito_AppD\\Chequito_AppD_Lab2\\public\\index.php')
CRITICAL - 2023-09-26 07:00:49 --> Undefined variable $song
in APPPATH\Views\views\mainview.php on line 13.
 1 APPPATH\Views\views\mainview.php(13): CodeIgniter\Debug\Exceptions->errorHandler(2, 'Undefined variable $song', 'C:\\laragon\\www\\Chequito_AppD\\Chequito_AppD_Lab2\\app\\Views\\views\\mainview.php', 13)
 2 SYSTEMPATH\View\View.php(226): include('C:\\laragon\\www\\Chequito_AppD\\Chequito_AppD_Lab2\\app\\Views\\views\\mainview.php')
 3 SYSTEMPATH\View\View.php(229): CodeIgniter\View\View->CodeIgniter\View\{closure}()
 4 SYSTEMPATH\View\View.php(467): CodeIgniter\View\View->render('views/mainview.php', null, true)
 5 APPPATH\Views\view.php(22): CodeIgniter\View\View->include('views/mainview.php')
 6 SYSTEMPATH\View\View.php(226): include('C:\\laragon\\www\\Chequito_AppD\\Chequito_AppD_Lab2\\app\\Views\\view.php')
 7 SYSTEMPATH\View\View.php(229): CodeIgniter\View\View->CodeIgniter\View\{closure}()
 8 SYSTEMPATH\Common.php(1188): CodeIgniter\View\View->render('view', [], true)
 9 APPPATH\Controllers\MainController.php(103): view('view', [...])
10 SYSTEMPATH\CodeIgniter.php(919): App\Controllers\MainController->view()
11 SYSTEMPATH\CodeIgniter.php(494): CodeIgniter\CodeIgniter->runController(Object(App\Controllers\MainController))
12 SYSTEMPATH\CodeIgniter.php(353): CodeIgniter\CodeIgniter->handleRequest(null, Object(Config\Cache), false)
13 FCPATH\index.php(79): CodeIgniter\CodeIgniter->run()
14 SYSTEMPATH\Commands\Server\rewrite.php(47): require_once('C:\\laragon\\www\\Chequito_AppD\\Chequito_AppD_Lab2\\public\\index.php')
CRITICAL - 2023-09-26 07:01:19 --> Undefined variable $song
in APPPATH\Views\views\mainview.php on line 13.
 1 APPPATH\Views\views\mainview.php(13): CodeIgniter\Debug\Exceptions->errorHandler(2, 'Undefined variable $song', 'C:\\laragon\\www\\Chequito_AppD\\Chequito_AppD_Lab2\\app\\Views\\views\\mainview.php', 13)
 2 SYSTEMPATH\View\View.php(226): include('C:\\laragon\\www\\Chequito_AppD\\Chequito_AppD_Lab2\\app\\Views\\views\\mainview.php')
 3 SYSTEMPATH\View\View.php(229): CodeIgniter\View\View->CodeIgniter\View\{closure}()
 4 SYSTEMPATH\View\View.php(467): CodeIgniter\View\View->render('views/mainview.php', null, true)
 5 APPPATH\Views\view.php(22): CodeIgniter\View\View->include('views/mainview.php')
 6 SYSTEMPATH\View\View.php(226): include('C:\\laragon\\www\\Chequito_AppD\\Chequito_AppD_Lab2\\app\\Views\\view.php')
 7 SYSTEMPATH\View\View.php(229): CodeIgniter\View\View->CodeIgniter\View\{closure}()
 8 SYSTEMPATH\Common.php(1188): CodeIgniter\View\View->render('view', [], true)
 9 APPPATH\Controllers\MainController.php(103): view('view', [...])
10 SYSTEMPATH\CodeIgniter.php(919): App\Controllers\MainController->view()
11 SYSTEMPATH\CodeIgniter.php(494): CodeIgniter\CodeIgniter->runController(Object(App\Controllers\MainController))
12 SYSTEMPATH\CodeIgniter.php(353): CodeIgniter\CodeIgniter->handleRequest(null, Object(Config\Cache), false)
13 FCPATH\index.php(79): CodeIgniter\CodeIgniter->run()
14 SYSTEMPATH\Commands\Server\rewrite.php(47): require_once('C:\\laragon\\www\\Chequito_AppD\\Chequito_AppD_Lab2\\public\\index.php')
CRITICAL - 2023-09-26 07:02:24 --> Call to a member function insert() on null
in APPPATH\Controllers\MainController.php on line 61.
 1 SYSTEMPATH\CodeIgniter.php(919): App\Controllers\MainController->addsong()
 2 SYSTEMPATH\CodeIgniter.php(494): CodeIgniter\CodeIgniter->runController(Object(App\Controllers\MainController))
 3 SYSTEMPATH\CodeIgniter.php(353): CodeIgniter\CodeIgniter->handleRequest(null, Object(Config\Cache), false)
 4 FCPATH\index.php(79): CodeIgniter\CodeIgniter->run()
 5 SYSTEMPATH\Commands\Server\rewrite.php(47): require_once('C:\\laragon\\www\\Chequito_AppD\\Chequito_AppD_Lab2\\public\\index.php')
CRITICAL - 2023-09-26 07:03:00 --> Call to a member function insert() on null
in APPPATH\Controllers\MainController.php on line 61.
 1 SYSTEMPATH\CodeIgniter.php(919): App\Controllers\MainController->addsong()
 2 SYSTEMPATH\CodeIgniter.php(494): CodeIgniter\CodeIgniter->runController(Object(App\Controllers\MainController))
 3 SYSTEMPATH\CodeIgniter.php(353): CodeIgniter\CodeIgniter->handleRequest(null, Object(Config\Cache), false)
 4 FCPATH\index.php(79): CodeIgniter\CodeIgniter->run()
 5 SYSTEMPATH\Commands\Server\rewrite.php(47): require_once('C:\\laragon\\www\\Chequito_AppD\\Chequito_AppD_Lab2\\public\\index.php')
CRITICAL - 2023-09-26 07:05:42 --> Call to a member function insert() on null
in APPPATH\Controllers\MainController.php on line 61.
 1 SYSTEMPATH\CodeIgniter.php(919): App\Controllers\MainController->addsong()
 2 SYSTEMPATH\CodeIgniter.php(494): CodeIgniter\CodeIgniter->runController(Object(App\Controllers\MainController))
 3 SYSTEMPATH\CodeIgniter.php(353): CodeIgniter\CodeIgniter->handleRequest(null, Object(Config\Cache), false)
 4 FCPATH\index.php(79): CodeIgniter\CodeIgniter->run()
 5 SYSTEMPATH\Commands\Server\rewrite.php(47): require_once('C:\\laragon\\www\\Chequito_AppD\\Chequito_AppD_Lab2\\public\\index.php')
