CRITICAL - 2023-09-29 01:17:23 --> Call to a member function getRandomName() on null
in APPPATH\Controllers\MainController.php on line 43.
 1 SYSTEMPATH\CodeIgniter.php(919): App\Controllers\MainController->addupload()
 2 SYSTEMPATH\CodeIgniter.php(494): CodeIgniter\CodeIgniter->runController(Object(App\Controllers\MainController))
 3 SYSTEMPATH\CodeIgniter.php(353): CodeIgniter\CodeIgniter->handleRequest(null, Object(Config\Cache), false)
 4 FCPATH\index.php(79): CodeIgniter\CodeIgniter->run()
 5 SYSTEMPATH\Commands\Server\rewrite.php(47): require_once('C:\\laragon\\www\\Chequito_AppD\\Chequito_AppD_Lab2\\public\\index.php')
CRITICAL - 2023-09-29 01:17:53 --> Call to a member function getRandomName() on null
in APPPATH\Controllers\MainController.php on line 43.
 1 SYSTEMPATH\CodeIgniter.php(919): App\Controllers\MainController->addupload()
 2 SYSTEMPATH\CodeIgniter.php(494): CodeIgniter\CodeIgniter->runController(Object(App\Controllers\MainController))
 3 SYSTEMPATH\CodeIgniter.php(353): CodeIgniter\CodeIgniter->handleRequest(null, Object(Config\Cache), false)
 4 FCPATH\index.php(79): CodeIgniter\CodeIgniter->run()
 5 SYSTEMPATH\Commands\Server\rewrite.php(47): require_once('C:\\laragon\\www\\Chequito_AppD\\Chequito_AppD_Lab2\\public\\index.php')
CRITICAL - 2023-09-29 01:25:17 --> Call to a member function getRandomName() on null
in APPPATH\Controllers\MainController.php on line 43.
 1 SYSTEMPATH\CodeIgniter.php(919): App\Controllers\MainController->addupload()
 2 SYSTEMPATH\CodeIgniter.php(494): CodeIgniter\CodeIgniter->runController(Object(App\Controllers\MainController))
 3 SYSTEMPATH\CodeIgniter.php(353): CodeIgniter\CodeIgniter->handleRequest(null, Object(Config\Cache), false)
 4 FCPATH\index.php(79): CodeIgniter\CodeIgniter->run()
 5 SYSTEMPATH\Commands\Server\rewrite.php(47): require_once('C:\\laragon\\www\\Chequito_AppD\\Chequito_AppD_Lab2\\public\\index.php')
CRITICAL - 2023-09-29 01:25:28 --> Call to a member function getRandomName() on null
in APPPATH\Controllers\MainController.php on line 43.
 1 SYSTEMPATH\CodeIgniter.php(919): App\Controllers\MainController->addupload()
 2 SYSTEMPATH\CodeIgniter.php(494): CodeIgniter\CodeIgniter->runController(Object(App\Controllers\MainController))
 3 SYSTEMPATH\CodeIgniter.php(353): CodeIgniter\CodeIgniter->handleRequest(null, Object(Config\Cache), false)
 4 FCPATH\index.php(79): CodeIgniter\CodeIgniter->run()
 5 SYSTEMPATH\Commands\Server\rewrite.php(47): require_once('C:\\laragon\\www\\Chequito_AppD\\Chequito_AppD_Lab2\\public\\index.php')
CRITICAL - 2023-09-29 01:40:23 --> Call to a member function getRandomName() on null
in APPPATH\Controllers\MainController.php on line 43.
 1 SYSTEMPATH\CodeIgniter.php(919): App\Controllers\MainController->addupload()
 2 SYSTEMPATH\CodeIgniter.php(494): CodeIgniter\CodeIgniter->runController(Object(App\Controllers\MainController))
 3 SYSTEMPATH\CodeIgniter.php(353): CodeIgniter\CodeIgniter->handleRequest(null, Object(Config\Cache), false)
 4 FCPATH\index.php(79): CodeIgniter\CodeIgniter->run()
 5 SYSTEMPATH\Commands\Server\rewrite.php(47): require_once('C:\\laragon\\www\\Chequito_AppD\\Chequito_AppD_Lab2\\public\\index.php')
CRITICAL - 2023-09-29 01:46:28 --> Cannot access offset of type string on string
in APPPATH\Views\mainview.php on line 148.
 1 SYSTEMPATH\View\View.php(226): include()
 2 SYSTEMPATH\View\View.php(229): CodeIgniter\View\View->CodeIgniter\View\{closure}()
 3 SYSTEMPATH\Common.php(1188): CodeIgniter\View\View->render('mainview', [], true)
 4 APPPATH\Controllers\MainController.php(36): view('mainview', [...])
 5 SYSTEMPATH\CodeIgniter.php(919): App\Controllers\MainController->mainview()
 6 SYSTEMPATH\CodeIgniter.php(494): CodeIgniter\CodeIgniter->runController(Object(App\Controllers\MainController))
 7 SYSTEMPATH\CodeIgniter.php(353): CodeIgniter\CodeIgniter->handleRequest(null, Object(Config\Cache), false)
 8 FCPATH\index.php(79): CodeIgniter\CodeIgniter->run()
 9 SYSTEMPATH\Commands\Server\rewrite.php(47): require_once('C:\\laragon\\www\\Chequito_AppD\\Chequito_AppD_Lab2\\public\\index.php')
CRITICAL - 2023-09-29 01:48:58 --> Undefined variable $playlists
in APPPATH\Views\mainview.php on line 147.
 1 APPPATH\Views\mainview.php(147): CodeIgniter\Debug\Exceptions->errorHandler(2, 'Undefined variable $playlists', 'C:\\laragon\\www\\Chequito_AppD\\Chequito_AppD_Lab2\\app\\Views\\mainview.php', 147)
 2 SYSTEMPATH\View\View.php(226): include('C:\\laragon\\www\\Chequito_AppD\\Chequito_AppD_Lab2\\app\\Views\\mainview.php')
 3 SYSTEMPATH\View\View.php(229): CodeIgniter\View\View->CodeIgniter\View\{closure}()
 4 SYSTEMPATH\Common.php(1188): CodeIgniter\View\View->render('mainview', [], true)
 5 APPPATH\Controllers\MainController.php(36): view('mainview', [...])
 6 SYSTEMPATH\CodeIgniter.php(919): App\Controllers\MainController->mainview()
 7 SYSTEMPATH\CodeIgniter.php(494): CodeIgniter\CodeIgniter->runController(Object(App\Controllers\MainController))
 8 SYSTEMPATH\CodeIgniter.php(353): CodeIgniter\CodeIgniter->handleRequest(null, Object(Config\Cache), false)
 9 FCPATH\index.php(79): CodeIgniter\CodeIgniter->run()
10 SYSTEMPATH\Commands\Server\rewrite.php(47): require_once('C:\\laragon\\www\\Chequito_AppD\\Chequito_AppD_Lab2\\public\\index.php')
CRITICAL - 2023-09-29 01:49:13 --> Cannot access offset of type string on string
in APPPATH\Views\mainview.php on line 148.
 1 SYSTEMPATH\View\View.php(226): include()
 2 SYSTEMPATH\View\View.php(229): CodeIgniter\View\View->CodeIgniter\View\{closure}()
 3 SYSTEMPATH\Common.php(1188): CodeIgniter\View\View->render('mainview', [], true)
 4 APPPATH\Controllers\MainController.php(36): view('mainview', [...])
 5 SYSTEMPATH\CodeIgniter.php(919): App\Controllers\MainController->mainview()
 6 SYSTEMPATH\CodeIgniter.php(494): CodeIgniter\CodeIgniter->runController(Object(App\Controllers\MainController))
 7 SYSTEMPATH\CodeIgniter.php(353): CodeIgniter\CodeIgniter->handleRequest(null, Object(Config\Cache), false)
 8 FCPATH\index.php(79): CodeIgniter\CodeIgniter->run()
 9 SYSTEMPATH\Commands\Server\rewrite.php(47): require_once('C:\\laragon\\www\\Chequito_AppD\\Chequito_AppD_Lab2\\public\\index.php')
CRITICAL - 2023-09-29 01:51:47 --> Cannot access offset of type string on string
in APPPATH\Views\mainview.php on line 148.
 1 SYSTEMPATH\View\View.php(226): include()
 2 SYSTEMPATH\View\View.php(229): CodeIgniter\View\View->CodeIgniter\View\{closure}()
 3 SYSTEMPATH\Common.php(1188): CodeIgniter\View\View->render('mainview', [], true)
 4 APPPATH\Controllers\MainController.php(36): view('mainview', [...])
 5 SYSTEMPATH\CodeIgniter.php(919): App\Controllers\MainController->mainview()
 6 SYSTEMPATH\CodeIgniter.php(494): CodeIgniter\CodeIgniter->runController(Object(App\Controllers\MainController))
 7 SYSTEMPATH\CodeIgniter.php(353): CodeIgniter\CodeIgniter->handleRequest(null, Object(Config\Cache), false)
 8 FCPATH\index.php(79): CodeIgniter\CodeIgniter->run()
 9 SYSTEMPATH\Commands\Server\rewrite.php(47): require_once('C:\\laragon\\www\\Chequito_AppD\\Chequito_AppD_Lab2\\public\\index.php')
CRITICAL - 2023-09-29 01:53:33 --> Cannot access offset of type string on string
in APPPATH\Views\mainview.php on line 148.
 1 SYSTEMPATH\View\View.php(226): include()
 2 SYSTEMPATH\View\View.php(229): CodeIgniter\View\View->CodeIgniter\View\{closure}()
 3 SYSTEMPATH\Common.php(1188): CodeIgniter\View\View->render('mainview', [], true)
 4 APPPATH\Controllers\MainController.php(36): view('mainview', [...])
 5 SYSTEMPATH\CodeIgniter.php(919): App\Controllers\MainController->mainview()
 6 SYSTEMPATH\CodeIgniter.php(494): CodeIgniter\CodeIgniter->runController(Object(App\Controllers\MainController))
 7 SYSTEMPATH\CodeIgniter.php(353): CodeIgniter\CodeIgniter->handleRequest(null, Object(Config\Cache), false)
 8 FCPATH\index.php(79): CodeIgniter\CodeIgniter->run()
 9 SYSTEMPATH\Commands\Server\rewrite.php(47): require_once('C:\\laragon\\www\\Chequito_AppD\\Chequito_AppD_Lab2\\public\\index.php')
CRITICAL - 2023-09-29 01:53:52 --> Cannot access offset of type string on string
in APPPATH\Views\mainview.php on line 148.
 1 SYSTEMPATH\View\View.php(226): include()
 2 SYSTEMPATH\View\View.php(229): CodeIgniter\View\View->CodeIgniter\View\{closure}()
 3 SYSTEMPATH\Common.php(1188): CodeIgniter\View\View->render('mainview', [], true)
 4 APPPATH\Controllers\MainController.php(36): view('mainview', [...])
 5 SYSTEMPATH\CodeIgniter.php(919): App\Controllers\MainController->mainview()
 6 SYSTEMPATH\CodeIgniter.php(494): CodeIgniter\CodeIgniter->runController(Object(App\Controllers\MainController))
 7 SYSTEMPATH\CodeIgniter.php(353): CodeIgniter\CodeIgniter->handleRequest(null, Object(Config\Cache), false)
 8 FCPATH\index.php(79): CodeIgniter\CodeIgniter->run()
 9 SYSTEMPATH\Commands\Server\rewrite.php(47): require_once('C:\\laragon\\www\\Chequito_AppD\\Chequito_AppD_Lab2\\public\\index.php')
CRITICAL - 2023-09-29 01:54:02 --> Cannot access offset of type string on string
in APPPATH\Views\mainview.php on line 148.
 1 SYSTEMPATH\View\View.php(226): include()
 2 SYSTEMPATH\View\View.php(229): CodeIgniter\View\View->CodeIgniter\View\{closure}()
 3 SYSTEMPATH\Common.php(1188): CodeIgniter\View\View->render('mainview', [], true)
 4 APPPATH\Controllers\MainController.php(36): view('mainview', [...])
 5 SYSTEMPATH\CodeIgniter.php(919): App\Controllers\MainController->mainview()
 6 SYSTEMPATH\CodeIgniter.php(494): CodeIgniter\CodeIgniter->runController(Object(App\Controllers\MainController))
 7 SYSTEMPATH\CodeIgniter.php(353): CodeIgniter\CodeIgniter->handleRequest(null, Object(Config\Cache), false)
 8 FCPATH\index.php(79): CodeIgniter\CodeIgniter->run()
 9 SYSTEMPATH\Commands\Server\rewrite.php(47): require_once('C:\\laragon\\www\\Chequito_AppD\\Chequito_AppD_Lab2\\public\\index.php')
CRITICAL - 2023-09-29 02:01:41 --> Cannot access offset of type string on string
in APPPATH\Views\mainview.php on line 149.
 1 SYSTEMPATH\View\View.php(226): include()
 2 SYSTEMPATH\View\View.php(229): CodeIgniter\View\View->CodeIgniter\View\{closure}()
 3 SYSTEMPATH\Common.php(1188): CodeIgniter\View\View->render('mainview', [], true)
 4 APPPATH\Controllers\MainController.php(36): view('mainview', [...])
 5 SYSTEMPATH\CodeIgniter.php(919): App\Controllers\MainController->mainview()
 6 SYSTEMPATH\CodeIgniter.php(494): CodeIgniter\CodeIgniter->runController(Object(App\Controllers\MainController))
 7 SYSTEMPATH\CodeIgniter.php(353): CodeIgniter\CodeIgniter->handleRequest(null, Object(Config\Cache), false)
 8 FCPATH\index.php(79): CodeIgniter\CodeIgniter->run()
 9 SYSTEMPATH\Commands\Server\rewrite.php(47): require_once('C:\\laragon\\www\\Chequito_AppD\\Chequito_AppD_Lab2\\public\\index.php')
CRITICAL - 2023-09-29 02:04:12 --> Cannot access offset of type string on string
in APPPATH\Views\mainview.php on line 149.
 1 SYSTEMPATH\View\View.php(226): include()
 2 SYSTEMPATH\View\View.php(229): CodeIgniter\View\View->CodeIgniter\View\{closure}()
 3 SYSTEMPATH\Common.php(1188): CodeIgniter\View\View->render('mainview', [], true)
 4 APPPATH\Controllers\MainController.php(36): view('mainview', [...])
 5 SYSTEMPATH\CodeIgniter.php(919): App\Controllers\MainController->mainview()
 6 SYSTEMPATH\CodeIgniter.php(494): CodeIgniter\CodeIgniter->runController(Object(App\Controllers\MainController))
 7 SYSTEMPATH\CodeIgniter.php(353): CodeIgniter\CodeIgniter->handleRequest(null, Object(Config\Cache), false)
 8 FCPATH\index.php(79): CodeIgniter\CodeIgniter->run()
 9 SYSTEMPATH\Commands\Server\rewrite.php(47): require_once('C:\\laragon\\www\\Chequito_AppD\\Chequito_AppD_Lab2\\public\\index.php')
CRITICAL - 2023-09-29 02:07:31 --> Cannot access offset of type string on string
in APPPATH\Views\mainview.php on line 149.
 1 SYSTEMPATH\View\View.php(226): include()
 2 SYSTEMPATH\View\View.php(229): CodeIgniter\View\View->CodeIgniter\View\{closure}()
 3 SYSTEMPATH\Common.php(1188): CodeIgniter\View\View->render('mainview', [], true)
 4 APPPATH\Controllers\MainController.php(36): view('mainview', [...])
 5 SYSTEMPATH\CodeIgniter.php(919): App\Controllers\MainController->mainview()
 6 SYSTEMPATH\CodeIgniter.php(494): CodeIgniter\CodeIgniter->runController(Object(App\Controllers\MainController))
 7 SYSTEMPATH\CodeIgniter.php(353): CodeIgniter\CodeIgniter->handleRequest(null, Object(Config\Cache), false)
 8 FCPATH\index.php(79): CodeIgniter\CodeIgniter->run()
 9 SYSTEMPATH\Commands\Server\rewrite.php(47): require_once('C:\\laragon\\www\\Chequito_AppD\\Chequito_AppD_Lab2\\public\\index.php')
CRITICAL - 2023-09-29 02:07:49 --> Cannot access offset of type string on string
in APPPATH\Views\mainview.php on line 149.
 1 SYSTEMPATH\View\View.php(226): include()
 2 SYSTEMPATH\View\View.php(229): CodeIgniter\View\View->CodeIgniter\View\{closure}()
 3 SYSTEMPATH\Common.php(1188): CodeIgniter\View\View->render('mainview', [], true)
 4 APPPATH\Controllers\MainController.php(36): view('mainview', [...])
 5 SYSTEMPATH\CodeIgniter.php(919): App\Controllers\MainController->mainview()
 6 SYSTEMPATH\CodeIgniter.php(494): CodeIgniter\CodeIgniter->runController(Object(App\Controllers\MainController))
 7 SYSTEMPATH\CodeIgniter.php(353): CodeIgniter\CodeIgniter->handleRequest(null, Object(Config\Cache), false)
 8 FCPATH\index.php(79): CodeIgniter\CodeIgniter->run()
 9 SYSTEMPATH\Commands\Server\rewrite.php(47): require_once('C:\\laragon\\www\\Chequito_AppD\\Chequito_AppD_Lab2\\public\\index.php')
CRITICAL - 2023-09-29 02:09:10 --> Cannot access offset of type string on string
in APPPATH\Views\mainview.php on line 149.
 1 SYSTEMPATH\View\View.php(226): include()
 2 SYSTEMPATH\View\View.php(229): CodeIgniter\View\View->CodeIgniter\View\{closure}()
 3 SYSTEMPATH\Common.php(1188): CodeIgniter\View\View->render('mainview', [], true)
 4 APPPATH\Controllers\MainController.php(36): view('mainview', [...])
 5 SYSTEMPATH\CodeIgniter.php(919): App\Controllers\MainController->mainview()
 6 SYSTEMPATH\CodeIgniter.php(494): CodeIgniter\CodeIgniter->runController(Object(App\Controllers\MainController))
 7 SYSTEMPATH\CodeIgniter.php(353): CodeIgniter\CodeIgniter->handleRequest(null, Object(Config\Cache), false)
 8 FCPATH\index.php(79): CodeIgniter\CodeIgniter->run()
 9 SYSTEMPATH\Commands\Server\rewrite.php(47): require_once('C:\\laragon\\www\\Chequito_AppD\\Chequito_AppD_Lab2\\public\\index.php')
CRITICAL - 2023-09-29 02:09:25 --> Cannot access offset of type string on string
in APPPATH\Views\mainview.php on line 149.
 1 SYSTEMPATH\View\View.php(226): include()
 2 SYSTEMPATH\View\View.php(229): CodeIgniter\View\View->CodeIgniter\View\{closure}()
 3 SYSTEMPATH\Common.php(1188): CodeIgniter\View\View->render('mainview', [], true)
 4 APPPATH\Controllers\MainController.php(36): view('mainview', [...])
 5 SYSTEMPATH\CodeIgniter.php(919): App\Controllers\MainController->mainview()
 6 SYSTEMPATH\CodeIgniter.php(494): CodeIgniter\CodeIgniter->runController(Object(App\Controllers\MainController))
 7 SYSTEMPATH\CodeIgniter.php(353): CodeIgniter\CodeIgniter->handleRequest(null, Object(Config\Cache), false)
 8 FCPATH\index.php(79): CodeIgniter\CodeIgniter->run()
 9 SYSTEMPATH\Commands\Server\rewrite.php(47): require_once('C:\\laragon\\www\\Chequito_AppD\\Chequito_AppD_Lab2\\public\\index.php')
CRITICAL - 2023-09-29 02:09:39 --> Cannot access offset of type string on string
in APPPATH\Views\mainview.php on line 149.
 1 SYSTEMPATH\View\View.php(226): include()
 2 SYSTEMPATH\View\View.php(229): CodeIgniter\View\View->CodeIgniter\View\{closure}()
 3 SYSTEMPATH\Common.php(1188): CodeIgniter\View\View->render('mainview', [], true)
 4 APPPATH\Controllers\MainController.php(36): view('mainview', [...])
 5 SYSTEMPATH\CodeIgniter.php(919): App\Controllers\MainController->mainview()
 6 SYSTEMPATH\CodeIgniter.php(494): CodeIgniter\CodeIgniter->runController(Object(App\Controllers\MainController))
 7 SYSTEMPATH\CodeIgniter.php(353): CodeIgniter\CodeIgniter->handleRequest(null, Object(Config\Cache), false)
 8 FCPATH\index.php(79): CodeIgniter\CodeIgniter->run()
 9 SYSTEMPATH\Commands\Server\rewrite.php(47): require_once('C:\\laragon\\www\\Chequito_AppD\\Chequito_AppD_Lab2\\public\\index.php')
CRITICAL - 2023-09-29 02:09:51 --> Cannot access offset of type string on string
in APPPATH\Views\mainview.php on line 149.
 1 SYSTEMPATH\View\View.php(226): include()
 2 SYSTEMPATH\View\View.php(229): CodeIgniter\View\View->CodeIgniter\View\{closure}()
 3 SYSTEMPATH\Common.php(1188): CodeIgniter\View\View->render('mainview', [], true)
 4 APPPATH\Controllers\MainController.php(36): view('mainview', [...])
 5 SYSTEMPATH\CodeIgniter.php(919): App\Controllers\MainController->mainview()
 6 SYSTEMPATH\CodeIgniter.php(494): CodeIgniter\CodeIgniter->runController(Object(App\Controllers\MainController))
 7 SYSTEMPATH\CodeIgniter.php(353): CodeIgniter\CodeIgniter->handleRequest(null, Object(Config\Cache), false)
 8 FCPATH\index.php(79): CodeIgniter\CodeIgniter->run()
 9 SYSTEMPATH\Commands\Server\rewrite.php(47): require_once('C:\\laragon\\www\\Chequito_AppD\\Chequito_AppD_Lab2\\public\\index.php')
CRITICAL - 2023-09-29 02:14:07 --> Cannot access offset of type string on string
in APPPATH\Views\mainview.php on line 148.
 1 SYSTEMPATH\View\View.php(226): include()
 2 SYSTEMPATH\View\View.php(229): CodeIgniter\View\View->CodeIgniter\View\{closure}()
 3 SYSTEMPATH\Common.php(1188): CodeIgniter\View\View->render('mainview', [], true)
 4 APPPATH\Controllers\MainController.php(36): view('mainview', [...])
 5 SYSTEMPATH\CodeIgniter.php(919): App\Controllers\MainController->mainview()
 6 SYSTEMPATH\CodeIgniter.php(494): CodeIgniter\CodeIgniter->runController(Object(App\Controllers\MainController))
 7 SYSTEMPATH\CodeIgniter.php(353): CodeIgniter\CodeIgniter->handleRequest(null, Object(Config\Cache), false)
 8 FCPATH\index.php(79): CodeIgniter\CodeIgniter->run()
 9 SYSTEMPATH\Commands\Server\rewrite.php(47): require_once('C:\\laragon\\www\\Chequito_AppD\\Chequito_AppD_Lab2\\public\\index.php')
CRITICAL - 2023-09-29 02:16:11 --> Cannot access offset of type string on string
in APPPATH\Views\mainview.php on line 148.
 1 SYSTEMPATH\View\View.php(226): include()
 2 SYSTEMPATH\View\View.php(229): CodeIgniter\View\View->CodeIgniter\View\{closure}()
 3 SYSTEMPATH\Common.php(1188): CodeIgniter\View\View->render('mainview', [], true)
 4 APPPATH\Controllers\MainController.php(36): view('mainview', [...])
 5 SYSTEMPATH\CodeIgniter.php(919): App\Controllers\MainController->mainview()
 6 SYSTEMPATH\CodeIgniter.php(494): CodeIgniter\CodeIgniter->runController(Object(App\Controllers\MainController))
 7 SYSTEMPATH\CodeIgniter.php(353): CodeIgniter\CodeIgniter->handleRequest(null, Object(Config\Cache), false)
 8 FCPATH\index.php(79): CodeIgniter\CodeIgniter->run()
 9 SYSTEMPATH\Commands\Server\rewrite.php(47): require_once('C:\\laragon\\www\\Chequito_AppD\\Chequito_AppD_Lab2\\public\\index.php')
CRITICAL - 2023-09-29 02:16:13 --> Cannot access offset of type string on string
in APPPATH\Views\mainview.php on line 148.
 1 SYSTEMPATH\View\View.php(226): include()
 2 SYSTEMPATH\View\View.php(229): CodeIgniter\View\View->CodeIgniter\View\{closure}()
 3 SYSTEMPATH\Common.php(1188): CodeIgniter\View\View->render('mainview', [], true)
 4 APPPATH\Controllers\MainController.php(36): view('mainview', [...])
 5 SYSTEMPATH\CodeIgniter.php(919): App\Controllers\MainController->mainview()
 6 SYSTEMPATH\CodeIgniter.php(494): CodeIgniter\CodeIgniter->runController(Object(App\Controllers\MainController))
 7 SYSTEMPATH\CodeIgniter.php(353): CodeIgniter\CodeIgniter->handleRequest(null, Object(Config\Cache), false)
 8 FCPATH\index.php(79): CodeIgniter\CodeIgniter->run()
 9 SYSTEMPATH\Commands\Server\rewrite.php(47): require_once('C:\\laragon\\www\\Chequito_AppD\\Chequito_AppD_Lab2\\public\\index.php')
CRITICAL - 2023-09-29 02:37:02 --> Undefined variable $connection
in APPPATH\Views\mainview.php on line 92.
 1 APPPATH\Views\mainview.php(92): CodeIgniter\Debug\Exceptions->errorHandler(2, 'Undefined variable $connection', 'C:\\laragon\\www\\Chequito_AppD\\Chequito_AppD_Lab2\\app\\Views\\mainview.php', 92)
 2 SYSTEMPATH\View\View.php(226): include('C:\\laragon\\www\\Chequito_AppD\\Chequito_AppD_Lab2\\app\\Views\\mainview.php')
 3 SYSTEMPATH\View\View.php(229): CodeIgniter\View\View->CodeIgniter\View\{closure}()
 4 SYSTEMPATH\Common.php(1188): CodeIgniter\View\View->render('mainview', [], true)
 5 APPPATH\Controllers\MainController.php(36): view('mainview', [...])
 6 SYSTEMPATH\CodeIgniter.php(919): App\Controllers\MainController->mainview()
 7 SYSTEMPATH\CodeIgniter.php(494): CodeIgniter\CodeIgniter->runController(Object(App\Controllers\MainController))
 8 SYSTEMPATH\CodeIgniter.php(353): CodeIgniter\CodeIgniter->handleRequest(null, Object(Config\Cache), false)
 9 FCPATH\index.php(79): CodeIgniter\CodeIgniter->run()
10 SYSTEMPATH\Commands\Server\rewrite.php(47): require_once('C:\\laragon\\www\\Chequito_AppD\\Chequito_AppD_Lab2\\public\\index.php')
CRITICAL - 2023-09-29 14:43:01 --> Undefined array key "id"
in APPPATH\Views\mainview.php on line 158.
 1 APPPATH\Views\mainview.php(158): CodeIgniter\Debug\Exceptions->errorHandler(2, 'Undefined array key "id"', 'C:\\laragon\\www\\Chequito_AppD\\Chequito_AppD_Lab2\\app\\Views\\mainview.php', 158)
 2 SYSTEMPATH\View\View.php(226): include('C:\\laragon\\www\\Chequito_AppD\\Chequito_AppD_Lab2\\app\\Views\\mainview.php')
 3 SYSTEMPATH\View\View.php(229): CodeIgniter\View\View->CodeIgniter\View\{closure}()
 4 SYSTEMPATH\Common.php(1188): CodeIgniter\View\View->render('mainview', [], true)
 5 APPPATH\Controllers\MainController.php(31): view('mainview', [...])
 6 SYSTEMPATH\CodeIgniter.php(919): App\Controllers\MainController->mainview()
 7 SYSTEMPATH\CodeIgniter.php(494): CodeIgniter\CodeIgniter->runController(Object(App\Controllers\MainController))
 8 SYSTEMPATH\CodeIgniter.php(353): CodeIgniter\CodeIgniter->handleRequest(null, Object(Config\Cache), false)
 9 FCPATH\index.php(79): CodeIgniter\CodeIgniter->run()
10 SYSTEMPATH\Commands\Server\rewrite.php(47): require_once('C:\\laragon\\www\\Chequito_AppD\\Chequito_AppD_Lab2\\public\\index.php')
CRITICAL - 2023-09-29 14:44:01 --> Undefined variable $music
in APPPATH\Views\mainview.php on line 213.
 1 APPPATH\Views\mainview.php(213): CodeIgniter\Debug\Exceptions->errorHandler(2, 'Undefined variable $music', 'C:\\laragon\\www\\Chequito_AppD\\Chequito_AppD_Lab2\\app\\Views\\mainview.php', 213)
 2 SYSTEMPATH\View\View.php(226): include('C:\\laragon\\www\\Chequito_AppD\\Chequito_AppD_Lab2\\app\\Views\\mainview.php')
 3 SYSTEMPATH\View\View.php(229): CodeIgniter\View\View->CodeIgniter\View\{closure}()
 4 SYSTEMPATH\Common.php(1188): CodeIgniter\View\View->render('mainview', [], true)
 5 APPPATH\Controllers\MainController.php(31): view('mainview', [...])
 6 SYSTEMPATH\CodeIgniter.php(919): App\Controllers\MainController->mainview()
 7 SYSTEMPATH\CodeIgniter.php(494): CodeIgniter\CodeIgniter->runController(Object(App\Controllers\MainController))
 8 SYSTEMPATH\CodeIgniter.php(353): CodeIgniter\CodeIgniter->handleRequest(null, Object(Config\Cache), false)
 9 FCPATH\index.php(79): CodeIgniter\CodeIgniter->run()
10 SYSTEMPATH\Commands\Server\rewrite.php(47): require_once('C:\\laragon\\www\\Chequito_AppD\\Chequito_AppD_Lab2\\public\\index.php')
CRITICAL - 2023-09-29 14:45:12 --> Undefined variable $music
in APPPATH\Views\mainview.php on line 213.
 1 APPPATH\Views\mainview.php(213): CodeIgniter\Debug\Exceptions->errorHandler(2, 'Undefined variable $music', 'C:\\laragon\\www\\Chequito_AppD\\Chequito_AppD_Lab2\\app\\Views\\mainview.php', 213)
 2 SYSTEMPATH\View\View.php(226): include('C:\\laragon\\www\\Chequito_AppD\\Chequito_AppD_Lab2\\app\\Views\\mainview.php')
 3 SYSTEMPATH\View\View.php(229): CodeIgniter\View\View->CodeIgniter\View\{closure}()
 4 SYSTEMPATH\Common.php(1188): CodeIgniter\View\View->render('mainview', [], true)
 5 APPPATH\Controllers\MainController.php(31): view('mainview', [...])
 6 SYSTEMPATH\CodeIgniter.php(919): App\Controllers\MainController->mainview()
 7 SYSTEMPATH\CodeIgniter.php(494): CodeIgniter\CodeIgniter->runController(Object(App\Controllers\MainController))
 8 SYSTEMPATH\CodeIgniter.php(353): CodeIgniter\CodeIgniter->handleRequest(null, Object(Config\Cache), false)
 9 FCPATH\index.php(79): CodeIgniter\CodeIgniter->run()
10 SYSTEMPATH\Commands\Server\rewrite.php(47): require_once('C:\\laragon\\www\\Chequito_AppD\\Chequito_AppD_Lab2\\public\\index.php')
CRITICAL - 2023-09-29 14:45:55 --> Undefined variable $music
in APPPATH\Views\mainview.php on line 213.
 1 APPPATH\Views\mainview.php(213): CodeIgniter\Debug\Exceptions->errorHandler(2, 'Undefined variable $music', 'C:\\laragon\\www\\Chequito_AppD\\Chequito_AppD_Lab2\\app\\Views\\mainview.php', 213)
 2 SYSTEMPATH\View\View.php(226): include('C:\\laragon\\www\\Chequito_AppD\\Chequito_AppD_Lab2\\app\\Views\\mainview.php')
 3 SYSTEMPATH\View\View.php(229): CodeIgniter\View\View->CodeIgniter\View\{closure}()
 4 SYSTEMPATH\Common.php(1188): CodeIgniter\View\View->render('mainview', [], true)
 5 APPPATH\Controllers\MainController.php(31): view('mainview', [...])
 6 SYSTEMPATH\CodeIgniter.php(919): App\Controllers\MainController->mainview()
 7 SYSTEMPATH\CodeIgniter.php(494): CodeIgniter\CodeIgniter->runController(Object(App\Controllers\MainController))
 8 SYSTEMPATH\CodeIgniter.php(353): CodeIgniter\CodeIgniter->handleRequest(null, Object(Config\Cache), false)
 9 FCPATH\index.php(79): CodeIgniter\CodeIgniter->run()
10 SYSTEMPATH\Commands\Server\rewrite.php(47): require_once('C:\\laragon\\www\\Chequito_AppD\\Chequito_AppD_Lab2\\public\\index.php')
CRITICAL - 2023-09-29 14:47:18 --> Undefined variable $Music
in APPPATH\Views\mainview.php on line 213.
 1 APPPATH\Views\mainview.php(213): CodeIgniter\Debug\Exceptions->errorHandler(2, 'Undefined variable $Music', 'C:\\laragon\\www\\Chequito_AppD\\Chequito_AppD_Lab2\\app\\Views\\mainview.php', 213)
 2 SYSTEMPATH\View\View.php(226): include('C:\\laragon\\www\\Chequito_AppD\\Chequito_AppD_Lab2\\app\\Views\\mainview.php')
 3 SYSTEMPATH\View\View.php(229): CodeIgniter\View\View->CodeIgniter\View\{closure}()
 4 SYSTEMPATH\Common.php(1188): CodeIgniter\View\View->render('mainview', [], true)
 5 APPPATH\Controllers\MainController.php(31): view('mainview', [...])
 6 SYSTEMPATH\CodeIgniter.php(919): App\Controllers\MainController->mainview()
 7 SYSTEMPATH\CodeIgniter.php(494): CodeIgniter\CodeIgniter->runController(Object(App\Controllers\MainController))
 8 SYSTEMPATH\CodeIgniter.php(353): CodeIgniter\CodeIgniter->handleRequest(null, Object(Config\Cache), false)
 9 FCPATH\index.php(79): CodeIgniter\CodeIgniter->run()
10 SYSTEMPATH\Commands\Server\rewrite.php(47): require_once('C:\\laragon\\www\\Chequito_AppD\\Chequito_AppD_Lab2\\public\\index.php')
CRITICAL - 2023-09-29 14:47:31 --> Undefined variable $music
in APPPATH\Views\mainview.php on line 213.
 1 APPPATH\Views\mainview.php(213): CodeIgniter\Debug\Exceptions->errorHandler(2, 'Undefined variable $music', 'C:\\laragon\\www\\Chequito_AppD\\Chequito_AppD_Lab2\\app\\Views\\mainview.php', 213)
 2 SYSTEMPATH\View\View.php(226): include('C:\\laragon\\www\\Chequito_AppD\\Chequito_AppD_Lab2\\app\\Views\\mainview.php')
 3 SYSTEMPATH\View\View.php(229): CodeIgniter\View\View->CodeIgniter\View\{closure}()
 4 SYSTEMPATH\Common.php(1188): CodeIgniter\View\View->render('mainview', [], true)
 5 APPPATH\Controllers\MainController.php(31): view('mainview', [...])
 6 SYSTEMPATH\CodeIgniter.php(919): App\Controllers\MainController->mainview()
 7 SYSTEMPATH\CodeIgniter.php(494): CodeIgniter\CodeIgniter->runController(Object(App\Controllers\MainController))
 8 SYSTEMPATH\CodeIgniter.php(353): CodeIgniter\CodeIgniter->handleRequest(null, Object(Config\Cache), false)
 9 FCPATH\index.php(79): CodeIgniter\CodeIgniter->run()
10 SYSTEMPATH\Commands\Server\rewrite.php(47): require_once('C:\\laragon\\www\\Chequito_AppD\\Chequito_AppD_Lab2\\public\\index.php')
CRITICAL - 2023-09-29 15:39:39 --> Invalid file: "viewmain.php"
in SYSTEMPATH\Exceptions\FrameworkException.php on line 39.
 1 SYSTEMPATH\View\View.php(214): CodeIgniter\Exceptions\FrameworkException::forInvalidFile('viewmain.php')
 2 SYSTEMPATH\Common.php(1188): CodeIgniter\View\View->render('viewmain', [], true)
 3 APPPATH\Controllers\MainController.php(153): view('viewmain', [...])
 4 SYSTEMPATH\CodeIgniter.php(919): App\Controllers\MainController->viewPlaylist('1')
 5 SYSTEMPATH\CodeIgniter.php(494): CodeIgniter\CodeIgniter->runController(Object(App\Controllers\MainController))
 6 SYSTEMPATH\CodeIgniter.php(353): CodeIgniter\CodeIgniter->handleRequest(null, Object(Config\Cache), false)
 7 FCPATH\index.php(79): CodeIgniter\CodeIgniter->run()
 8 SYSTEMPATH\Commands\Server\rewrite.php(47): require_once('C:\\laragon\\www\\Chequito_AppD\\Chequito_AppD_Lab2\\public\\index.php')
CRITICAL - 2023-09-29 16:42:25 --> Call to a member function where() on null
in APPPATH\Controllers\MainController.php on line 123.
 1 SYSTEMPATH\CodeIgniter.php(919): App\Controllers\MainController->delete_playlist('1')
 2 SYSTEMPATH\CodeIgniter.php(494): CodeIgniter\CodeIgniter->runController(Object(App\Controllers\MainController))
 3 SYSTEMPATH\CodeIgniter.php(353): CodeIgniter\CodeIgniter->handleRequest(null, Object(Config\Cache), false)
 4 FCPATH\index.php(79): CodeIgniter\CodeIgniter->run()
 5 SYSTEMPATH\Commands\Server\rewrite.php(47): require_once('C:\\laragon\\www\\Chequito_AppD\\Chequito_AppD_Lab2\\public\\index.php')
CRITICAL - 2023-09-29 16:43:38 --> Call to a member function where() on null
in APPPATH\Controllers\MainController.php on line 123.
 1 SYSTEMPATH\CodeIgniter.php(919): App\Controllers\MainController->delete_playlist('1')
 2 SYSTEMPATH\CodeIgniter.php(494): CodeIgniter\CodeIgniter->runController(Object(App\Controllers\MainController))
 3 SYSTEMPATH\CodeIgniter.php(353): CodeIgniter\CodeIgniter->handleRequest(null, Object(Config\Cache), false)
 4 FCPATH\index.php(79): CodeIgniter\CodeIgniter->run()
 5 SYSTEMPATH\Commands\Server\rewrite.php(47): require_once('C:\\laragon\\www\\Chequito_AppD\\Chequito_AppD_Lab2\\public\\index.php')
CRITICAL - 2023-09-29 16:49:31 --> Call to a member function where() on null
in APPPATH\Controllers\MainController.php on line 121.
 1 SYSTEMPATH\CodeIgniter.php(919): App\Controllers\MainController->delete_playlist('1')
 2 SYSTEMPATH\CodeIgniter.php(494): CodeIgniter\CodeIgniter->runController(Object(App\Controllers\MainController))
 3 SYSTEMPATH\CodeIgniter.php(353): CodeIgniter\CodeIgniter->handleRequest(null, Object(Config\Cache), false)
 4 FCPATH\index.php(79): CodeIgniter\CodeIgniter->run()
 5 SYSTEMPATH\Commands\Server\rewrite.php(47): require_once('C:\\laragon\\www\\Chequito_AppD\\Chequito_AppD_Lab2\\public\\index.php')
CRITICAL - 2023-09-29 16:49:43 --> Call to a member function where() on null
in APPPATH\Controllers\MainController.php on line 121.
 1 SYSTEMPATH\CodeIgniter.php(919): App\Controllers\MainController->delete_playlist('1')
 2 SYSTEMPATH\CodeIgniter.php(494): CodeIgniter\CodeIgniter->runController(Object(App\Controllers\MainController))
 3 SYSTEMPATH\CodeIgniter.php(353): CodeIgniter\CodeIgniter->handleRequest(null, Object(Config\Cache), false)
 4 FCPATH\index.php(79): CodeIgniter\CodeIgniter->run()
 5 SYSTEMPATH\Commands\Server\rewrite.php(47): require_once('C:\\laragon\\www\\Chequito_AppD\\Chequito_AppD_Lab2\\public\\index.php')
CRITICAL - 2023-09-29 16:50:36 --> Call to a member function where() on null
in APPPATH\Controllers\MainController.php on line 122.
 1 SYSTEMPATH\CodeIgniter.php(919): App\Controllers\MainController->delete_playlist('1')
 2 SYSTEMPATH\CodeIgniter.php(494): CodeIgniter\CodeIgniter->runController(Object(App\Controllers\MainController))
 3 SYSTEMPATH\CodeIgniter.php(353): CodeIgniter\CodeIgniter->handleRequest(null, Object(Config\Cache), false)
 4 FCPATH\index.php(79): CodeIgniter\CodeIgniter->run()
 5 SYSTEMPATH\Commands\Server\rewrite.php(47): require_once('C:\\laragon\\www\\Chequito_AppD\\Chequito_AppD_Lab2\\public\\index.php')
CRITICAL - 2023-09-29 16:53:05 --> Call to a member function where() on null
in APPPATH\Controllers\MainController.php on line 121.
 1 SYSTEMPATH\CodeIgniter.php(919): App\Controllers\MainController->delete_playlist('1')
 2 SYSTEMPATH\CodeIgniter.php(494): CodeIgniter\CodeIgniter->runController(Object(App\Controllers\MainController))
 3 SYSTEMPATH\CodeIgniter.php(353): CodeIgniter\CodeIgniter->handleRequest(null, Object(Config\Cache), false)
 4 FCPATH\index.php(79): CodeIgniter\CodeIgniter->run()
 5 SYSTEMPATH\Commands\Server\rewrite.php(47): require_once('C:\\laragon\\www\\Chequito_AppD\\Chequito_AppD_Lab2\\public\\index.php')
CRITICAL - 2023-09-29 17:09:06 --> Call to a member function insert() on null
in APPPATH\Controllers\MainController.php on line 90.
 1 SYSTEMPATH\CodeIgniter.php(919): App\Controllers\MainController->addToPlaylist()
 2 SYSTEMPATH\CodeIgniter.php(494): CodeIgniter\CodeIgniter->runController(Object(App\Controllers\MainController))
 3 SYSTEMPATH\CodeIgniter.php(353): CodeIgniter\CodeIgniter->handleRequest(null, Object(Config\Cache), false)
 4 FCPATH\index.php(79): CodeIgniter\CodeIgniter->run()
 5 SYSTEMPATH\Commands\Server\rewrite.php(47): require_once('C:\\laragon\\www\\Chequito_AppD\\Chequito_AppD_Lab2\\public\\index.php')
