ERROR - 2023-09-24 14:20:26 --> mysqli_sql_exception: Table 'music_player.playlistmusic' doesn't exist in C:\laragon\www\Chequito_AppD\Chequito_AppD_Lab2\system\Database\MySQLi\Connection.php:306
Stack trace:
#0 C:\laragon\www\Chequito_AppD\Chequito_AppD_Lab2\system\Database\MySQLi\Connection.php(306): mysqli->query('SELECT `playlis...', 0)
#1 C:\laragon\www\Chequito_AppD\Chequito_AppD_Lab2\system\Database\BaseConnection.php(692): CodeIgniter\Database\MySQLi\Connection->execute('SELECT `playlis...')
#2 C:\laragon\www\Chequito_AppD\Chequito_AppD_Lab2\system\Database\BaseConnection.php(606): CodeIgniter\Database\BaseConnection->simpleQuery('SELECT `playlis...')
#3 C:\laragon\www\Chequito_AppD\Chequito_AppD_Lab2\system\Database\BaseBuilder.php(1615): CodeIgniter\Database\BaseConnection->query('SELECT `playlis...', Array, false)
#4 C:\laragon\www\Chequito_AppD\Chequito_AppD_Lab2\system\Model.php(237): CodeIgniter\Database\BaseBuilder->get()
#5 C:\laragon\www\Chequito_AppD\Chequito_AppD_Lab2\system\BaseModel.php(624): CodeIgniter\Model->doFindAll(0, 0)
#6 C:\laragon\www\Chequito_AppD\Chequito_AppD_Lab2\app\Controllers\MainController.php(54): CodeIgniter\BaseModel->findAll()
#7 C:\laragon\www\Chequito_AppD\Chequito_AppD_Lab2\app\Controllers\MainController.php(42): App\Controllers\MainController->fetchPlaylistAndSongs('test')
#8 C:\laragon\www\Chequito_AppD\Chequito_AppD_Lab2\system\CodeIgniter.php(919): App\Controllers\MainController->playlist('test')
#9 C:\laragon\www\Chequito_AppD\Chequito_AppD_Lab2\system\CodeIgniter.php(494): CodeIgniter\CodeIgniter->runController(Object(App\Controllers\MainController))
#10 C:\laragon\www\Chequito_AppD\Chequito_AppD_Lab2\system\CodeIgniter.php(353): CodeIgniter\CodeIgniter->handleRequest(NULL, Object(Config\Cache), false)
#11 C:\laragon\www\Chequito_AppD\Chequito_AppD_Lab2\public\index.php(79): CodeIgniter\CodeIgniter->run()
#12 C:\laragon\www\Chequito_AppD\Chequito_AppD_Lab2\system\Commands\Server\rewrite.php(47): require_once('C:\\laragon\\www\\...')
#13 {main}
CRITICAL - 2023-09-24 14:20:26 --> Table 'music_player.playlistmusic' doesn't exist
in SYSTEMPATH\Database\BaseConnection.php on line 646.
 1 SYSTEMPATH\Database\BaseBuilder.php(1615): CodeIgniter\Database\BaseConnection->query('SELECT `playlist`.`playlist_id`, `playlist`.`name`, `music`.`music_id`, `music`.`title`, `music`.`artist`, `music`.`file`
FROM `playlist`
JOIN `playlistmusic` ON `playlistmusic`.`playlist_id` = `playlist`.`playlist_id`
JOIN `Music` ON `music`.`music_id` = `playlistMusic`.`music_id`
WHERE `playlist`.`playlist_id` = :playlist.playlist_id:', [...], false)
 2 SYSTEMPATH\Model.php(237): CodeIgniter\Database\BaseBuilder->get()
 3 SYSTEMPATH\BaseModel.php(624): CodeIgniter\Model->doFindAll(0, 0)
 4 APPPATH\Controllers\MainController.php(54): CodeIgniter\BaseModel->findAll()
 5 APPPATH\Controllers\MainController.php(42): App\Controllers\MainController->fetchPlaylistAndSongs('test')
 6 SYSTEMPATH\CodeIgniter.php(919): App\Controllers\MainController->playlist('test')
 7 SYSTEMPATH\CodeIgniter.php(494): CodeIgniter\CodeIgniter->runController(Object(App\Controllers\MainController))
 8 SYSTEMPATH\CodeIgniter.php(353): CodeIgniter\CodeIgniter->handleRequest(null, Object(Config\Cache), false)
 9 FCPATH\index.php(79): CodeIgniter\CodeIgniter->run()
10 SYSTEMPATH\Commands\Server\rewrite.php(47): require_once('C:\\laragon\\www\\Chequito_AppD\\Chequito_AppD_Lab2\\public\\index.php')
ERROR - 2023-09-24 14:28:00 --> mysqli_sql_exception: Table 'music_player.playlistmusic' doesn't exist in C:\laragon\www\Chequito_AppD\Chequito_AppD_Lab2\system\Database\MySQLi\Connection.php:306
Stack trace:
#0 C:\laragon\www\Chequito_AppD\Chequito_AppD_Lab2\system\Database\MySQLi\Connection.php(306): mysqli->query('SELECT `playlis...', 0)
#1 C:\laragon\www\Chequito_AppD\Chequito_AppD_Lab2\system\Database\BaseConnection.php(692): CodeIgniter\Database\MySQLi\Connection->execute('SELECT `playlis...')
#2 C:\laragon\www\Chequito_AppD\Chequito_AppD_Lab2\system\Database\BaseConnection.php(606): CodeIgniter\Database\BaseConnection->simpleQuery('SELECT `playlis...')
#3 C:\laragon\www\Chequito_AppD\Chequito_AppD_Lab2\system\Database\BaseBuilder.php(1615): CodeIgniter\Database\BaseConnection->query('SELECT `playlis...', Array, false)
#4 C:\laragon\www\Chequito_AppD\Chequito_AppD_Lab2\system\Model.php(237): CodeIgniter\Database\BaseBuilder->get()
#5 C:\laragon\www\Chequito_AppD\Chequito_AppD_Lab2\system\BaseModel.php(624): CodeIgniter\Model->doFindAll(0, 0)
#6 C:\laragon\www\Chequito_AppD\Chequito_AppD_Lab2\app\Controllers\MainController.php(54): CodeIgniter\BaseModel->findAll()
#7 C:\laragon\www\Chequito_AppD\Chequito_AppD_Lab2\app\Controllers\MainController.php(42): App\Controllers\MainController->fetchPlaylistAndSongs('test')
#8 C:\laragon\www\Chequito_AppD\Chequito_AppD_Lab2\system\CodeIgniter.php(919): App\Controllers\MainController->playlist('test')
#9 C:\laragon\www\Chequito_AppD\Chequito_AppD_Lab2\system\CodeIgniter.php(494): CodeIgniter\CodeIgniter->runController(Object(App\Controllers\MainController))
#10 C:\laragon\www\Chequito_AppD\Chequito_AppD_Lab2\system\CodeIgniter.php(353): CodeIgniter\CodeIgniter->handleRequest(NULL, Object(Config\Cache), false)
#11 C:\laragon\www\Chequito_AppD\Chequito_AppD_Lab2\public\index.php(79): CodeIgniter\CodeIgniter->run()
#12 C:\laragon\www\Chequito_AppD\Chequito_AppD_Lab2\system\Commands\Server\rewrite.php(47): require_once('C:\\laragon\\www\\...')
#13 {main}
CRITICAL - 2023-09-24 14:28:00 --> Table 'music_player.playlistmusic' doesn't exist
in SYSTEMPATH\Database\BaseConnection.php on line 646.
 1 SYSTEMPATH\Database\BaseBuilder.php(1615): CodeIgniter\Database\BaseConnection->query('SELECT `playlist`.`playlist_id`, `playlist`.`name`, `music`.`music_id`, `music`.`title`, `music`.`artist`, `music`.`file`
FROM `playlist`
JOIN `playlistmusic` ON `playlistmusic`.`playlist_id` = `playlist`.`playlist_id`
JOIN `Music` ON `music`.`music_id` = `playlistMusic`.`music_id`
WHERE `playlist`.`playlist_id` = :playlist.playlist_id:', [...], false)
 2 SYSTEMPATH\Model.php(237): CodeIgniter\Database\BaseBuilder->get()
 3 SYSTEMPATH\BaseModel.php(624): CodeIgniter\Model->doFindAll(0, 0)
 4 APPPATH\Controllers\MainController.php(54): CodeIgniter\BaseModel->findAll()
 5 APPPATH\Controllers\MainController.php(42): App\Controllers\MainController->fetchPlaylistAndSongs('test')
 6 SYSTEMPATH\CodeIgniter.php(919): App\Controllers\MainController->playlist('test')
 7 SYSTEMPATH\CodeIgniter.php(494): CodeIgniter\CodeIgniter->runController(Object(App\Controllers\MainController))
 8 SYSTEMPATH\CodeIgniter.php(353): CodeIgniter\CodeIgniter->handleRequest(null, Object(Config\Cache), false)
 9 FCPATH\index.php(79): CodeIgniter\CodeIgniter->run()
10 SYSTEMPATH\Commands\Server\rewrite.php(47): require_once('C:\\laragon\\www\\Chequito_AppD\\Chequito_AppD_Lab2\\public\\index.php')
ERROR - 2023-09-24 14:31:22 --> mysqli_sql_exception: Table 'music_player.playlistmusic' doesn't exist in C:\laragon\www\Chequito_AppD\Chequito_AppD_Lab2\system\Database\MySQLi\Connection.php:306
Stack trace:
#0 C:\laragon\www\Chequito_AppD\Chequito_AppD_Lab2\system\Database\MySQLi\Connection.php(306): mysqli->query('SELECT `playlis...', 0)
#1 C:\laragon\www\Chequito_AppD\Chequito_AppD_Lab2\system\Database\BaseConnection.php(692): CodeIgniter\Database\MySQLi\Connection->execute('SELECT `playlis...')
#2 C:\laragon\www\Chequito_AppD\Chequito_AppD_Lab2\system\Database\BaseConnection.php(606): CodeIgniter\Database\BaseConnection->simpleQuery('SELECT `playlis...')
#3 C:\laragon\www\Chequito_AppD\Chequito_AppD_Lab2\system\Database\BaseBuilder.php(1615): CodeIgniter\Database\BaseConnection->query('SELECT `playlis...', Array, false)
#4 C:\laragon\www\Chequito_AppD\Chequito_AppD_Lab2\system\Model.php(237): CodeIgniter\Database\BaseBuilder->get()
#5 C:\laragon\www\Chequito_AppD\Chequito_AppD_Lab2\system\BaseModel.php(624): CodeIgniter\Model->doFindAll(0, 0)
#6 C:\laragon\www\Chequito_AppD\Chequito_AppD_Lab2\app\Controllers\MainController.php(54): CodeIgniter\BaseModel->findAll()
#7 C:\laragon\www\Chequito_AppD\Chequito_AppD_Lab2\app\Controllers\MainController.php(42): App\Controllers\MainController->fetchPlaylistAndSongs('test')
#8 C:\laragon\www\Chequito_AppD\Chequito_AppD_Lab2\system\CodeIgniter.php(919): App\Controllers\MainController->playlist('test')
#9 C:\laragon\www\Chequito_AppD\Chequito_AppD_Lab2\system\CodeIgniter.php(494): CodeIgniter\CodeIgniter->runController(Object(App\Controllers\MainController))
#10 C:\laragon\www\Chequito_AppD\Chequito_AppD_Lab2\system\CodeIgniter.php(353): CodeIgniter\CodeIgniter->handleRequest(NULL, Object(Config\Cache), false)
#11 C:\laragon\www\Chequito_AppD\Chequito_AppD_Lab2\public\index.php(79): CodeIgniter\CodeIgniter->run()
#12 C:\laragon\www\Chequito_AppD\Chequito_AppD_Lab2\system\Commands\Server\rewrite.php(47): require_once('C:\\laragon\\www\\...')
#13 {main}
CRITICAL - 2023-09-24 14:31:22 --> Table 'music_player.playlistmusic' doesn't exist
in SYSTEMPATH\Database\BaseConnection.php on line 646.
 1 SYSTEMPATH\Database\BaseBuilder.php(1615): CodeIgniter\Database\BaseConnection->query('SELECT `playlist`.`playlist_id`, `playlist`.`name`, `music`.`music_id`, `music`.`title`, `music`.`artist`, `music`.`file`
FROM `playlist`
JOIN `playlistmusic` ON `playlistmusic`.`playlist_id` = `playlist`.`playlist_id`
JOIN `Music` ON `music`.`music_id` = `playlistMusic`.`music_id`
WHERE `playlist`.`playlist_id` = :playlist.playlist_id:', [...], false)
 2 SYSTEMPATH\Model.php(237): CodeIgniter\Database\BaseBuilder->get()
 3 SYSTEMPATH\BaseModel.php(624): CodeIgniter\Model->doFindAll(0, 0)
 4 APPPATH\Controllers\MainController.php(54): CodeIgniter\BaseModel->findAll()
 5 APPPATH\Controllers\MainController.php(42): App\Controllers\MainController->fetchPlaylistAndSongs('test')
 6 SYSTEMPATH\CodeIgniter.php(919): App\Controllers\MainController->playlist('test')
 7 SYSTEMPATH\CodeIgniter.php(494): CodeIgniter\CodeIgniter->runController(Object(App\Controllers\MainController))
 8 SYSTEMPATH\CodeIgniter.php(353): CodeIgniter\CodeIgniter->handleRequest(null, Object(Config\Cache), false)
 9 FCPATH\index.php(79): CodeIgniter\CodeIgniter->run()
10 SYSTEMPATH\Commands\Server\rewrite.php(47): require_once('C:\\laragon\\www\\Chequito_AppD\\Chequito_AppD_Lab2\\public\\index.php')
ERROR - 2023-09-24 14:32:44 --> mysqli_sql_exception: Table 'music_player.playlistmusic' doesn't exist in C:\laragon\www\Chequito_AppD\Chequito_AppD_Lab2\system\Database\MySQLi\Connection.php:306
Stack trace:
#0 C:\laragon\www\Chequito_AppD\Chequito_AppD_Lab2\system\Database\MySQLi\Connection.php(306): mysqli->query('SELECT `playlis...', 0)
#1 C:\laragon\www\Chequito_AppD\Chequito_AppD_Lab2\system\Database\BaseConnection.php(692): CodeIgniter\Database\MySQLi\Connection->execute('SELECT `playlis...')
#2 C:\laragon\www\Chequito_AppD\Chequito_AppD_Lab2\system\Database\BaseConnection.php(606): CodeIgniter\Database\BaseConnection->simpleQuery('SELECT `playlis...')
#3 C:\laragon\www\Chequito_AppD\Chequito_AppD_Lab2\system\Database\BaseBuilder.php(1615): CodeIgniter\Database\BaseConnection->query('SELECT `playlis...', Array, false)
#4 C:\laragon\www\Chequito_AppD\Chequito_AppD_Lab2\system\Model.php(237): CodeIgniter\Database\BaseBuilder->get()
#5 C:\laragon\www\Chequito_AppD\Chequito_AppD_Lab2\system\BaseModel.php(624): CodeIgniter\Model->doFindAll(0, 0)
#6 C:\laragon\www\Chequito_AppD\Chequito_AppD_Lab2\app\Controllers\MainController.php(54): CodeIgniter\BaseModel->findAll()
#7 C:\laragon\www\Chequito_AppD\Chequito_AppD_Lab2\app\Controllers\MainController.php(42): App\Controllers\MainController->fetchPlaylistAndSongs('test')
#8 C:\laragon\www\Chequito_AppD\Chequito_AppD_Lab2\system\CodeIgniter.php(919): App\Controllers\MainController->playlist('test')
#9 C:\laragon\www\Chequito_AppD\Chequito_AppD_Lab2\system\CodeIgniter.php(494): CodeIgniter\CodeIgniter->runController(Object(App\Controllers\MainController))
#10 C:\laragon\www\Chequito_AppD\Chequito_AppD_Lab2\system\CodeIgniter.php(353): CodeIgniter\CodeIgniter->handleRequest(NULL, Object(Config\Cache), false)
#11 C:\laragon\www\Chequito_AppD\Chequito_AppD_Lab2\public\index.php(79): CodeIgniter\CodeIgniter->run()
#12 C:\laragon\www\Chequito_AppD\Chequito_AppD_Lab2\system\Commands\Server\rewrite.php(47): require_once('C:\\laragon\\www\\...')
#13 {main}
CRITICAL - 2023-09-24 14:32:44 --> Table 'music_player.playlistmusic' doesn't exist
in SYSTEMPATH\Database\BaseConnection.php on line 646.
 1 SYSTEMPATH\Database\BaseBuilder.php(1615): CodeIgniter\Database\BaseConnection->query('SELECT `playlist`.`playlist_id`, `playlist`.`name`, `music`.`music_id`, `music`.`title`, `music`.`artist`, `music`.`file`
FROM `playlist`
JOIN `playlistmusic` ON `playlistmusic`.`playlist_id` = `playlist`.`playlist_id`
JOIN `Music` ON `music`.`music_id` = `playlistMusic`.`music_id`
WHERE `playlist`.`playlist_id` = :playlist.playlist_id:', [...], false)
 2 SYSTEMPATH\Model.php(237): CodeIgniter\Database\BaseBuilder->get()
 3 SYSTEMPATH\BaseModel.php(624): CodeIgniter\Model->doFindAll(0, 0)
 4 APPPATH\Controllers\MainController.php(54): CodeIgniter\BaseModel->findAll()
 5 APPPATH\Controllers\MainController.php(42): App\Controllers\MainController->fetchPlaylistAndSongs('test')
 6 SYSTEMPATH\CodeIgniter.php(919): App\Controllers\MainController->playlist('test')
 7 SYSTEMPATH\CodeIgniter.php(494): CodeIgniter\CodeIgniter->runController(Object(App\Controllers\MainController))
 8 SYSTEMPATH\CodeIgniter.php(353): CodeIgniter\CodeIgniter->handleRequest(null, Object(Config\Cache), false)
 9 FCPATH\index.php(79): CodeIgniter\CodeIgniter->run()
10 SYSTEMPATH\Commands\Server\rewrite.php(47): require_once('C:\\laragon\\www\\Chequito_AppD\\Chequito_AppD_Lab2\\public\\index.php')
ERROR - 2023-09-24 14:32:59 --> mysqli_sql_exception: Table 'music_player.playlistmusic' doesn't exist in C:\laragon\www\Chequito_AppD\Chequito_AppD_Lab2\system\Database\MySQLi\Connection.php:306
Stack trace:
#0 C:\laragon\www\Chequito_AppD\Chequito_AppD_Lab2\system\Database\MySQLi\Connection.php(306): mysqli->query('SELECT `playlis...', 0)
#1 C:\laragon\www\Chequito_AppD\Chequito_AppD_Lab2\system\Database\BaseConnection.php(692): CodeIgniter\Database\MySQLi\Connection->execute('SELECT `playlis...')
#2 C:\laragon\www\Chequito_AppD\Chequito_AppD_Lab2\system\Database\BaseConnection.php(606): CodeIgniter\Database\BaseConnection->simpleQuery('SELECT `playlis...')
#3 C:\laragon\www\Chequito_AppD\Chequito_AppD_Lab2\system\Database\BaseBuilder.php(1615): CodeIgniter\Database\BaseConnection->query('SELECT `playlis...', Array, false)
#4 C:\laragon\www\Chequito_AppD\Chequito_AppD_Lab2\system\Model.php(237): CodeIgniter\Database\BaseBuilder->get()
#5 C:\laragon\www\Chequito_AppD\Chequito_AppD_Lab2\system\BaseModel.php(624): CodeIgniter\Model->doFindAll(0, 0)
#6 C:\laragon\www\Chequito_AppD\Chequito_AppD_Lab2\app\Controllers\MainController.php(54): CodeIgniter\BaseModel->findAll()
#7 C:\laragon\www\Chequito_AppD\Chequito_AppD_Lab2\app\Controllers\MainController.php(42): App\Controllers\MainController->fetchPlaylistAndSongs('update')
#8 C:\laragon\www\Chequito_AppD\Chequito_AppD_Lab2\system\CodeIgniter.php(919): App\Controllers\MainController->playlist('update', '2')
#9 C:\laragon\www\Chequito_AppD\Chequito_AppD_Lab2\system\CodeIgniter.php(494): CodeIgniter\CodeIgniter->runController(Object(App\Controllers\MainController))
#10 C:\laragon\www\Chequito_AppD\Chequito_AppD_Lab2\system\CodeIgniter.php(353): CodeIgniter\CodeIgniter->handleRequest(NULL, Object(Config\Cache), false)
#11 C:\laragon\www\Chequito_AppD\Chequito_AppD_Lab2\public\index.php(79): CodeIgniter\CodeIgniter->run()
#12 C:\laragon\www\Chequito_AppD\Chequito_AppD_Lab2\system\Commands\Server\rewrite.php(47): require_once('C:\\laragon\\www\\...')
#13 {main}
CRITICAL - 2023-09-24 14:32:59 --> Table 'music_player.playlistmusic' doesn't exist
in SYSTEMPATH\Database\BaseConnection.php on line 646.
 1 SYSTEMPATH\Database\BaseBuilder.php(1615): CodeIgniter\Database\BaseConnection->query('SELECT `playlist`.`playlist_id`, `playlist`.`name`, `music`.`music_id`, `music`.`title`, `music`.`artist`, `music`.`file`
FROM `playlist`
JOIN `playlistmusic` ON `playlistmusic`.`playlist_id` = `playlist`.`playlist_id`
JOIN `Music` ON `music`.`music_id` = `playlistMusic`.`music_id`
WHERE `playlist`.`playlist_id` = :playlist.playlist_id:', [...], false)
 2 SYSTEMPATH\Model.php(237): CodeIgniter\Database\BaseBuilder->get()
 3 SYSTEMPATH\BaseModel.php(624): CodeIgniter\Model->doFindAll(0, 0)
 4 APPPATH\Controllers\MainController.php(54): CodeIgniter\BaseModel->findAll()
 5 APPPATH\Controllers\MainController.php(42): App\Controllers\MainController->fetchPlaylistAndSongs('update')
 6 SYSTEMPATH\CodeIgniter.php(919): App\Controllers\MainController->playlist('update', '2')
 7 SYSTEMPATH\CodeIgniter.php(494): CodeIgniter\CodeIgniter->runController(Object(App\Controllers\MainController))
 8 SYSTEMPATH\CodeIgniter.php(353): CodeIgniter\CodeIgniter->handleRequest(null, Object(Config\Cache), false)
 9 FCPATH\index.php(79): CodeIgniter\CodeIgniter->run()
10 SYSTEMPATH\Commands\Server\rewrite.php(47): require_once('C:\\laragon\\www\\Chequito_AppD\\Chequito_AppD_Lab2\\public\\index.php')
ERROR - 2023-09-24 14:33:05 --> mysqli_sql_exception: Table 'music_player.playlistmusic' doesn't exist in C:\laragon\www\Chequito_AppD\Chequito_AppD_Lab2\system\Database\MySQLi\Connection.php:306
Stack trace:
#0 C:\laragon\www\Chequito_AppD\Chequito_AppD_Lab2\system\Database\MySQLi\Connection.php(306): mysqli->query('SELECT `playlis...', 0)
#1 C:\laragon\www\Chequito_AppD\Chequito_AppD_Lab2\system\Database\BaseConnection.php(692): CodeIgniter\Database\MySQLi\Connection->execute('SELECT `playlis...')
#2 C:\laragon\www\Chequito_AppD\Chequito_AppD_Lab2\system\Database\BaseConnection.php(606): CodeIgniter\Database\BaseConnection->simpleQuery('SELECT `playlis...')
#3 C:\laragon\www\Chequito_AppD\Chequito_AppD_Lab2\system\Database\BaseBuilder.php(1615): CodeIgniter\Database\BaseConnection->query('SELECT `playlis...', Array, false)
#4 C:\laragon\www\Chequito_AppD\Chequito_AppD_Lab2\system\Model.php(237): CodeIgniter\Database\BaseBuilder->get()
#5 C:\laragon\www\Chequito_AppD\Chequito_AppD_Lab2\system\BaseModel.php(624): CodeIgniter\Model->doFindAll(0, 0)
#6 C:\laragon\www\Chequito_AppD\Chequito_AppD_Lab2\app\Controllers\MainController.php(54): CodeIgniter\BaseModel->findAll()
#7 C:\laragon\www\Chequito_AppD\Chequito_AppD_Lab2\app\Controllers\MainController.php(42): App\Controllers\MainController->fetchPlaylistAndSongs('test')
#8 C:\laragon\www\Chequito_AppD\Chequito_AppD_Lab2\system\CodeIgniter.php(919): App\Controllers\MainController->playlist('test')
#9 C:\laragon\www\Chequito_AppD\Chequito_AppD_Lab2\system\CodeIgniter.php(494): CodeIgniter\CodeIgniter->runController(Object(App\Controllers\MainController))
#10 C:\laragon\www\Chequito_AppD\Chequito_AppD_Lab2\system\CodeIgniter.php(353): CodeIgniter\CodeIgniter->handleRequest(NULL, Object(Config\Cache), false)
#11 C:\laragon\www\Chequito_AppD\Chequito_AppD_Lab2\public\index.php(79): CodeIgniter\CodeIgniter->run()
#12 C:\laragon\www\Chequito_AppD\Chequito_AppD_Lab2\system\Commands\Server\rewrite.php(47): require_once('C:\\laragon\\www\\...')
#13 {main}
CRITICAL - 2023-09-24 14:33:05 --> Table 'music_player.playlistmusic' doesn't exist
in SYSTEMPATH\Database\BaseConnection.php on line 646.
 1 SYSTEMPATH\Database\BaseBuilder.php(1615): CodeIgniter\Database\BaseConnection->query('SELECT `playlist`.`playlist_id`, `playlist`.`name`, `music`.`music_id`, `music`.`title`, `music`.`artist`, `music`.`file`
FROM `playlist`
JOIN `playlistmusic` ON `playlistmusic`.`playlist_id` = `playlist`.`playlist_id`
JOIN `Music` ON `music`.`music_id` = `playlistMusic`.`music_id`
WHERE `playlist`.`playlist_id` = :playlist.playlist_id:', [...], false)
 2 SYSTEMPATH\Model.php(237): CodeIgniter\Database\BaseBuilder->get()
 3 SYSTEMPATH\BaseModel.php(624): CodeIgniter\Model->doFindAll(0, 0)
 4 APPPATH\Controllers\MainController.php(54): CodeIgniter\BaseModel->findAll()
 5 APPPATH\Controllers\MainController.php(42): App\Controllers\MainController->fetchPlaylistAndSongs('test')
 6 SYSTEMPATH\CodeIgniter.php(919): App\Controllers\MainController->playlist('test')
 7 SYSTEMPATH\CodeIgniter.php(494): CodeIgniter\CodeIgniter->runController(Object(App\Controllers\MainController))
 8 SYSTEMPATH\CodeIgniter.php(353): CodeIgniter\CodeIgniter->handleRequest(null, Object(Config\Cache), false)
 9 FCPATH\index.php(79): CodeIgniter\CodeIgniter->run()
10 SYSTEMPATH\Commands\Server\rewrite.php(47): require_once('C:\\laragon\\www\\Chequito_AppD\\Chequito_AppD_Lab2\\public\\index.php')
ERROR - 2023-09-24 14:35:25 --> mysqli_sql_exception: Table 'music_player.playlistmusic' doesn't exist in C:\laragon\www\Chequito_AppD\Chequito_AppD_Lab2\system\Database\MySQLi\Connection.php:306
Stack trace:
#0 C:\laragon\www\Chequito_AppD\Chequito_AppD_Lab2\system\Database\MySQLi\Connection.php(306): mysqli->query('SELECT `playlis...', 0)
#1 C:\laragon\www\Chequito_AppD\Chequito_AppD_Lab2\system\Database\BaseConnection.php(692): CodeIgniter\Database\MySQLi\Connection->execute('SELECT `playlis...')
#2 C:\laragon\www\Chequito_AppD\Chequito_AppD_Lab2\system\Database\BaseConnection.php(606): CodeIgniter\Database\BaseConnection->simpleQuery('SELECT `playlis...')
#3 C:\laragon\www\Chequito_AppD\Chequito_AppD_Lab2\system\Database\BaseBuilder.php(1615): CodeIgniter\Database\BaseConnection->query('SELECT `playlis...', Array, false)
#4 C:\laragon\www\Chequito_AppD\Chequito_AppD_Lab2\system\Model.php(237): CodeIgniter\Database\BaseBuilder->get()
#5 C:\laragon\www\Chequito_AppD\Chequito_AppD_Lab2\system\BaseModel.php(624): CodeIgniter\Model->doFindAll(0, 0)
#6 C:\laragon\www\Chequito_AppD\Chequito_AppD_Lab2\app\Controllers\MainController.php(54): CodeIgniter\BaseModel->findAll()
#7 C:\laragon\www\Chequito_AppD\Chequito_AppD_Lab2\app\Controllers\MainController.php(42): App\Controllers\MainController->fetchPlaylistAndSongs('test')
#8 C:\laragon\www\Chequito_AppD\Chequito_AppD_Lab2\system\CodeIgniter.php(919): App\Controllers\MainController->playlist('test')
#9 C:\laragon\www\Chequito_AppD\Chequito_AppD_Lab2\system\CodeIgniter.php(494): CodeIgniter\CodeIgniter->runController(Object(App\Controllers\MainController))
#10 C:\laragon\www\Chequito_AppD\Chequito_AppD_Lab2\system\CodeIgniter.php(353): CodeIgniter\CodeIgniter->handleRequest(NULL, Object(Config\Cache), false)
#11 C:\laragon\www\Chequito_AppD\Chequito_AppD_Lab2\public\index.php(79): CodeIgniter\CodeIgniter->run()
#12 C:\laragon\www\Chequito_AppD\Chequito_AppD_Lab2\system\Commands\Server\rewrite.php(47): require_once('C:\\laragon\\www\\...')
#13 {main}
CRITICAL - 2023-09-24 14:35:25 --> Table 'music_player.playlistmusic' doesn't exist
in SYSTEMPATH\Database\BaseConnection.php on line 646.
 1 SYSTEMPATH\Database\BaseBuilder.php(1615): CodeIgniter\Database\BaseConnection->query('SELECT `playlist`.`playlist_id`, `playlist`.`name`, `music`.`music_id`, `music`.`title`, `music`.`artist`, `music`.`file`
FROM `playlist`
JOIN `playlistmusic` ON `playlistmusic`.`playlist_id` = `playlist`.`playlist_id`
JOIN `Music` ON `music`.`music_id` = `playlistMusic`.`music_id`
WHERE `playlist`.`playlist_id` = :playlist.playlist_id:', [...], false)
 2 SYSTEMPATH\Model.php(237): CodeIgniter\Database\BaseBuilder->get()
 3 SYSTEMPATH\BaseModel.php(624): CodeIgniter\Model->doFindAll(0, 0)
 4 APPPATH\Controllers\MainController.php(54): CodeIgniter\BaseModel->findAll()
 5 APPPATH\Controllers\MainController.php(42): App\Controllers\MainController->fetchPlaylistAndSongs('test')
 6 SYSTEMPATH\CodeIgniter.php(919): App\Controllers\MainController->playlist('test')
 7 SYSTEMPATH\CodeIgniter.php(494): CodeIgniter\CodeIgniter->runController(Object(App\Controllers\MainController))
 8 SYSTEMPATH\CodeIgniter.php(353): CodeIgniter\CodeIgniter->handleRequest(null, Object(Config\Cache), false)
 9 FCPATH\index.php(79): CodeIgniter\CodeIgniter->run()
10 SYSTEMPATH\Commands\Server\rewrite.php(47): require_once('C:\\laragon\\www\\Chequito_AppD\\Chequito_AppD_Lab2\\public\\index.php')
ERROR - 2023-09-24 14:37:03 --> mysqli_sql_exception: Table 'music_player.playlistmusic' doesn't exist in C:\laragon\www\Chequito_AppD\Chequito_AppD_Lab2\system\Database\MySQLi\Connection.php:306
Stack trace:
#0 C:\laragon\www\Chequito_AppD\Chequito_AppD_Lab2\system\Database\MySQLi\Connection.php(306): mysqli->query('SELECT `playlis...', 0)
#1 C:\laragon\www\Chequito_AppD\Chequito_AppD_Lab2\system\Database\BaseConnection.php(692): CodeIgniter\Database\MySQLi\Connection->execute('SELECT `playlis...')
#2 C:\laragon\www\Chequito_AppD\Chequito_AppD_Lab2\system\Database\BaseConnection.php(606): CodeIgniter\Database\BaseConnection->simpleQuery('SELECT `playlis...')
#3 C:\laragon\www\Chequito_AppD\Chequito_AppD_Lab2\system\Database\BaseBuilder.php(1615): CodeIgniter\Database\BaseConnection->query('SELECT `playlis...', Array, false)
#4 C:\laragon\www\Chequito_AppD\Chequito_AppD_Lab2\system\Model.php(237): CodeIgniter\Database\BaseBuilder->get()
#5 C:\laragon\www\Chequito_AppD\Chequito_AppD_Lab2\system\BaseModel.php(624): CodeIgniter\Model->doFindAll(0, 0)
#6 C:\laragon\www\Chequito_AppD\Chequito_AppD_Lab2\app\Controllers\MainController.php(54): CodeIgniter\BaseModel->findAll()
#7 C:\laragon\www\Chequito_AppD\Chequito_AppD_Lab2\app\Controllers\MainController.php(42): App\Controllers\MainController->fetchPlaylistAndSongs('test')
#8 C:\laragon\www\Chequito_AppD\Chequito_AppD_Lab2\system\CodeIgniter.php(919): App\Controllers\MainController->playlist('test')
#9 C:\laragon\www\Chequito_AppD\Chequito_AppD_Lab2\system\CodeIgniter.php(494): CodeIgniter\CodeIgniter->runController(Object(App\Controllers\MainController))
#10 C:\laragon\www\Chequito_AppD\Chequito_AppD_Lab2\system\CodeIgniter.php(353): CodeIgniter\CodeIgniter->handleRequest(NULL, Object(Config\Cache), false)
#11 C:\laragon\www\Chequito_AppD\Chequito_AppD_Lab2\public\index.php(79): CodeIgniter\CodeIgniter->run()
#12 C:\laragon\www\Chequito_AppD\Chequito_AppD_Lab2\system\Commands\Server\rewrite.php(47): require_once('C:\\laragon\\www\\...')
#13 {main}
CRITICAL - 2023-09-24 14:37:03 --> Table 'music_player.playlistmusic' doesn't exist
in SYSTEMPATH\Database\BaseConnection.php on line 646.
 1 SYSTEMPATH\Database\BaseBuilder.php(1615): CodeIgniter\Database\BaseConnection->query('SELECT `playlist`.`playlist_id`, `playlist`.`name`, `music`.`music_id`, `music`.`title`, `music`.`artist`, `music`.`file`
FROM `playlist`
JOIN `playlistmusic` ON `playlistmusic`.`playlist_id` = `playlist`.`playlist_id`
JOIN `Music` ON `music`.`music_id` = `playlistMusic`.`music_id`
WHERE `playlist`.`playlist_id` = :playlist.playlist_id:', [...], false)
 2 SYSTEMPATH\Model.php(237): CodeIgniter\Database\BaseBuilder->get()
 3 SYSTEMPATH\BaseModel.php(624): CodeIgniter\Model->doFindAll(0, 0)
 4 APPPATH\Controllers\MainController.php(54): CodeIgniter\BaseModel->findAll()
 5 APPPATH\Controllers\MainController.php(42): App\Controllers\MainController->fetchPlaylistAndSongs('test')
 6 SYSTEMPATH\CodeIgniter.php(919): App\Controllers\MainController->playlist('test')
 7 SYSTEMPATH\CodeIgniter.php(494): CodeIgniter\CodeIgniter->runController(Object(App\Controllers\MainController))
 8 SYSTEMPATH\CodeIgniter.php(353): CodeIgniter\CodeIgniter->handleRequest(null, Object(Config\Cache), false)
 9 FCPATH\index.php(79): CodeIgniter\CodeIgniter->run()
10 SYSTEMPATH\Commands\Server\rewrite.php(47): require_once('C:\\laragon\\www\\Chequito_AppD\\Chequito_AppD_Lab2\\public\\index.php')
ERROR - 2023-09-24 14:41:53 --> mysqli_sql_exception: Table 'music_player.playlistmusic' doesn't exist in C:\laragon\www\Chequito_AppD\Chequito_AppD_Lab2\system\Database\MySQLi\Connection.php:306
Stack trace:
#0 C:\laragon\www\Chequito_AppD\Chequito_AppD_Lab2\system\Database\MySQLi\Connection.php(306): mysqli->query('SELECT `playlis...', 0)
#1 C:\laragon\www\Chequito_AppD\Chequito_AppD_Lab2\system\Database\BaseConnection.php(692): CodeIgniter\Database\MySQLi\Connection->execute('SELECT `playlis...')
#2 C:\laragon\www\Chequito_AppD\Chequito_AppD_Lab2\system\Database\BaseConnection.php(606): CodeIgniter\Database\BaseConnection->simpleQuery('SELECT `playlis...')
#3 C:\laragon\www\Chequito_AppD\Chequito_AppD_Lab2\system\Database\BaseBuilder.php(1615): CodeIgniter\Database\BaseConnection->query('SELECT `playlis...', Array, false)
#4 C:\laragon\www\Chequito_AppD\Chequito_AppD_Lab2\system\Model.php(237): CodeIgniter\Database\BaseBuilder->get()
#5 C:\laragon\www\Chequito_AppD\Chequito_AppD_Lab2\system\BaseModel.php(624): CodeIgniter\Model->doFindAll(0, 0)
#6 C:\laragon\www\Chequito_AppD\Chequito_AppD_Lab2\app\Controllers\MainController.php(54): CodeIgniter\BaseModel->findAll()
#7 C:\laragon\www\Chequito_AppD\Chequito_AppD_Lab2\app\Controllers\MainController.php(42): App\Controllers\MainController->fetchPlaylistAndSongs('test')
#8 C:\laragon\www\Chequito_AppD\Chequito_AppD_Lab2\system\CodeIgniter.php(919): App\Controllers\MainController->playlist('test')
#9 C:\laragon\www\Chequito_AppD\Chequito_AppD_Lab2\system\CodeIgniter.php(494): CodeIgniter\CodeIgniter->runController(Object(App\Controllers\MainController))
#10 C:\laragon\www\Chequito_AppD\Chequito_AppD_Lab2\system\CodeIgniter.php(353): CodeIgniter\CodeIgniter->handleRequest(NULL, Object(Config\Cache), false)
#11 C:\laragon\www\Chequito_AppD\Chequito_AppD_Lab2\public\index.php(79): CodeIgniter\CodeIgniter->run()
#12 C:\laragon\www\Chequito_AppD\Chequito_AppD_Lab2\system\Commands\Server\rewrite.php(47): require_once('C:\\laragon\\www\\...')
#13 {main}
CRITICAL - 2023-09-24 14:41:53 --> Table 'music_player.playlistmusic' doesn't exist
in SYSTEMPATH\Database\BaseConnection.php on line 646.
 1 SYSTEMPATH\Database\BaseBuilder.php(1615): CodeIgniter\Database\BaseConnection->query('SELECT `playlist`.`playlist_id`, `playlist`.`name`, `music`.`music_id`, `music`.`title`, `music`.`artist`, `music`.`file`
FROM `playlist`
JOIN `playlistmusic` ON `playlistmusic`.`playlist_id` = `playlist`.`playlist_id`
JOIN `Music` ON `music`.`music_id` = `playlistMusic`.`music_id`
WHERE `playlist`.`playlist_id` = :playlist.playlist_id:', [...], false)
 2 SYSTEMPATH\Model.php(237): CodeIgniter\Database\BaseBuilder->get()
 3 SYSTEMPATH\BaseModel.php(624): CodeIgniter\Model->doFindAll(0, 0)
 4 APPPATH\Controllers\MainController.php(54): CodeIgniter\BaseModel->findAll()
 5 APPPATH\Controllers\MainController.php(42): App\Controllers\MainController->fetchPlaylistAndSongs('test')
 6 SYSTEMPATH\CodeIgniter.php(919): App\Controllers\MainController->playlist('test')
 7 SYSTEMPATH\CodeIgniter.php(494): CodeIgniter\CodeIgniter->runController(Object(App\Controllers\MainController))
 8 SYSTEMPATH\CodeIgniter.php(353): CodeIgniter\CodeIgniter->handleRequest(null, Object(Config\Cache), false)
 9 FCPATH\index.php(79): CodeIgniter\CodeIgniter->run()
10 SYSTEMPATH\Commands\Server\rewrite.php(47): require_once('C:\\laragon\\www\\Chequito_AppD\\Chequito_AppD_Lab2\\public\\index.php')
ERROR - 2023-09-24 14:50:36 --> mysqli_sql_exception: Table 'music_player.playlistmusic' doesn't exist in C:\laragon\www\Chequito_AppD\Chequito_AppD_Lab2\system\Database\MySQLi\Connection.php:306
Stack trace:
#0 C:\laragon\www\Chequito_AppD\Chequito_AppD_Lab2\system\Database\MySQLi\Connection.php(306): mysqli->query('SELECT `playlis...', 0)
#1 C:\laragon\www\Chequito_AppD\Chequito_AppD_Lab2\system\Database\BaseConnection.php(692): CodeIgniter\Database\MySQLi\Connection->execute('SELECT `playlis...')
#2 C:\laragon\www\Chequito_AppD\Chequito_AppD_Lab2\system\Database\BaseConnection.php(606): CodeIgniter\Database\BaseConnection->simpleQuery('SELECT `playlis...')
#3 C:\laragon\www\Chequito_AppD\Chequito_AppD_Lab2\system\Database\BaseBuilder.php(1615): CodeIgniter\Database\BaseConnection->query('SELECT `playlis...', Array, false)
#4 C:\laragon\www\Chequito_AppD\Chequito_AppD_Lab2\system\Model.php(237): CodeIgniter\Database\BaseBuilder->get()
#5 C:\laragon\www\Chequito_AppD\Chequito_AppD_Lab2\system\BaseModel.php(624): CodeIgniter\Model->doFindAll(0, 0)
#6 C:\laragon\www\Chequito_AppD\Chequito_AppD_Lab2\app\Controllers\MainController.php(54): CodeIgniter\BaseModel->findAll()
#7 C:\laragon\www\Chequito_AppD\Chequito_AppD_Lab2\app\Controllers\MainController.php(42): App\Controllers\MainController->fetchPlaylistAndSongs('test')
#8 C:\laragon\www\Chequito_AppD\Chequito_AppD_Lab2\system\CodeIgniter.php(919): App\Controllers\MainController->playlist('test')
#9 C:\laragon\www\Chequito_AppD\Chequito_AppD_Lab2\system\CodeIgniter.php(494): CodeIgniter\CodeIgniter->runController(Object(App\Controllers\MainController))
#10 C:\laragon\www\Chequito_AppD\Chequito_AppD_Lab2\system\CodeIgniter.php(353): CodeIgniter\CodeIgniter->handleRequest(NULL, Object(Config\Cache), false)
#11 C:\laragon\www\Chequito_AppD\Chequito_AppD_Lab2\public\index.php(79): CodeIgniter\CodeIgniter->run()
#12 C:\laragon\www\Chequito_AppD\Chequito_AppD_Lab2\system\Commands\Server\rewrite.php(47): require_once('C:\\laragon\\www\\...')
#13 {main}
CRITICAL - 2023-09-24 14:50:36 --> Table 'music_player.playlistmusic' doesn't exist
in SYSTEMPATH\Database\BaseConnection.php on line 646.
 1 SYSTEMPATH\Database\BaseBuilder.php(1615): CodeIgniter\Database\BaseConnection->query('SELECT `playlist`.`playlist_id`, `playlist`.`name`, `music`.`music_id`, `music`.`title`, `music`.`artist`, `music`.`file`
FROM `playlist`
JOIN `playlistmusic` ON `playlistmusic`.`playlist_id` = `playlist`.`playlist_id`
JOIN `Music` ON `music`.`music_id` = `playlistMusic`.`music_id`
WHERE `playlist`.`playlist_id` = :playlist.playlist_id:', [...], false)
 2 SYSTEMPATH\Model.php(237): CodeIgniter\Database\BaseBuilder->get()
 3 SYSTEMPATH\BaseModel.php(624): CodeIgniter\Model->doFindAll(0, 0)
 4 APPPATH\Controllers\MainController.php(54): CodeIgniter\BaseModel->findAll()
 5 APPPATH\Controllers\MainController.php(42): App\Controllers\MainController->fetchPlaylistAndSongs('test')
 6 SYSTEMPATH\CodeIgniter.php(919): App\Controllers\MainController->playlist('test')
 7 SYSTEMPATH\CodeIgniter.php(494): CodeIgniter\CodeIgniter->runController(Object(App\Controllers\MainController))
 8 SYSTEMPATH\CodeIgniter.php(353): CodeIgniter\CodeIgniter->handleRequest(null, Object(Config\Cache), false)
 9 FCPATH\index.php(79): CodeIgniter\CodeIgniter->run()
10 SYSTEMPATH\Commands\Server\rewrite.php(47): require_once('C:\\laragon\\www\\Chequito_AppD\\Chequito_AppD_Lab2\\public\\index.php')
